{"C:\\Users\\audre\\Desktop\\Lumen5-JS\\axios-enableRequestLogging\\dist\\node\\axios.cjs":{"path":"C:\\Users\\audre\\Desktop\\Lumen5-JS\\axios-enableRequestLogging\\dist\\node\\axios.cjs","statementMap":{"0":{"start":{"line":4,"column":19},"end":{"line":4,"column":39}},"1":{"start":{"line":5,"column":15},"end":{"line":5,"column":32}},"2":{"start":{"line":6,"column":12},"end":{"line":6,"column":26}},"3":{"start":{"line":7,"column":21},"end":{"line":7,"column":46}},"4":{"start":{"line":8,"column":13},"end":{"line":8,"column":28}},"5":{"start":{"line":9,"column":14},"end":{"line":9,"column":30}},"6":{"start":{"line":10,"column":13},"end":{"line":10,"column":28}},"7":{"start":{"line":11,"column":24},"end":{"line":11,"column":51}},"8":{"start":{"line":12,"column":13},"end":{"line":12,"column":28}},"9":{"start":{"line":13,"column":15},"end":{"line":13,"column":32}},"10":{"start":{"line":14,"column":15},"end":{"line":14,"column":32}},"11":{"start":{"line":16,"column":37},"end":{"line":16,"column":112}},"12":{"start":{"line":18,"column":39},"end":{"line":18,"column":72}},"13":{"start":{"line":19,"column":37},"end":{"line":19,"column":66}},"14":{"start":{"line":20,"column":34},"end":{"line":20,"column":60}},"15":{"start":{"line":21,"column":43},"end":{"line":21,"column":78}},"16":{"start":{"line":22,"column":35},"end":{"line":22,"column":62}},"17":{"start":{"line":23,"column":36},"end":{"line":23,"column":64}},"18":{"start":{"line":24,"column":35},"end":{"line":24,"column":62}},"19":{"start":{"line":25,"column":46},"end":{"line":25,"column":84}},"20":{"start":{"line":26,"column":35},"end":{"line":26,"column":62}},"21":{"start":{"line":27,"column":37},"end":{"line":27,"column":66}},"22":{"start":{"line":30,"column":2},"end":{"line":32,"column":4}},"23":{"start":{"line":31,"column":4},"end":{"line":31,"column":40}},"24":{"start":{"line":37,"column":19},"end":{"line":37,"column":35}},"25":{"start":{"line":38,"column":25},"end":{"line":38,"column":31}},"26":{"start":{"line":40,"column":15},"end":{"line":43,"column":23}},"27":{"start":{"line":40,"column":25},"end":{"line":43,"column":1}},"28":{"start":{"line":41,"column":16},"end":{"line":41,"column":36}},"29":{"start":{"line":42,"column":4},"end":{"line":42,"column":71}},"30":{"start":{"line":45,"column":19},"end":{"line":48,"column":1}},"31":{"start":{"line":46,"column":2},"end":{"line":46,"column":28}},"32":{"start":{"line":47,"column":2},"end":{"line":47,"column":42}},"33":{"start":{"line":47,"column":20},"end":{"line":47,"column":42}},"34":{"start":{"line":50,"column":19},"end":{"line":50,"column":57}},"35":{"start":{"line":50,"column":27},"end":{"line":50,"column":57}},"36":{"start":{"line":50,"column":36},"end":{"line":50,"column":57}},"37":{"start":{"line":59,"column":18},"end":{"line":59,"column":23}},"38":{"start":{"line":68,"column":20},"end":{"line":68,"column":43}},"39":{"start":{"line":78,"column":2},"end":{"line":79,"column":77}},"40":{"start":{"line":89,"column":22},"end":{"line":89,"column":47}},"41":{"start":{"line":101,"column":2},"end":{"line":105,"column":3}},"42":{"start":{"line":102,"column":4},"end":{"line":102,"column":37}},"43":{"start":{"line":104,"column":4},"end":{"line":104,"column":66}},"44":{"start":{"line":106,"column":2},"end":{"line":106,"column":16}},"45":{"start":{"line":116,"column":17},"end":{"line":116,"column":37}},"46":{"start":{"line":124,"column":19},"end":{"line":124,"column":41}},"47":{"start":{"line":133,"column":17},"end":{"line":133,"column":37}},"48":{"start":{"line":142,"column":17},"end":{"line":142,"column":71}},"49":{"start":{"line":142,"column":28},"end":{"line":142,"column":71}},"50":{"start":{"line":150,"column":18},"end":{"line":150,"column":60}},"51":{"start":{"line":150,"column":27},"end":{"line":150,"column":60}},"52":{"start":{"line":159,"column":22},"end":{"line":166,"column":1}},"53":{"start":{"line":160,"column":2},"end":{"line":162,"column":3}},"54":{"start":{"line":161,"column":4},"end":{"line":161,"column":17}},"55":{"start":{"line":164,"column":20},"end":{"line":164,"column":39}},"56":{"start":{"line":165,"column":2},"end":{"line":165,"column":170}},"57":{"start":{"line":175,"column":15},"end":{"line":175,"column":33}},"58":{"start":{"line":184,"column":15},"end":{"line":184,"column":33}},"59":{"start":{"line":193,"column":15},"end":{"line":193,"column":33}},"60":{"start":{"line":202,"column":19},"end":{"line":202,"column":41}},"61":{"start":{"line":211,"column":17},"end":{"line":211,"column":63}},"62":{"start":{"line":211,"column":26},"end":{"line":211,"column":63}},"63":{"start":{"line":220,"column":19},"end":{"line":231,"column":1}},"64":{"start":{"line":222,"column":2},"end":{"line":230,"column":3}},"65":{"start":{"line":240,"column":26},"end":{"line":240,"column":55}},"66":{"start":{"line":242,"column":61},"end":{"line":242,"column":129}},"67":{"start":{"line":251,"column":13},"end":{"line":252,"column":68}},"68":{"start":{"line":251,"column":22},"end":{"line":252,"column":68}},"69":{"start":{"line":271,"column":2},"end":{"line":273,"column":3}},"70":{"start":{"line":272,"column":4},"end":{"line":272,"column":11}},"71":{"start":{"line":279,"column":2},"end":{"line":282,"column":3}},"72":{"start":{"line":281,"column":4},"end":{"line":281,"column":16}},"73":{"start":{"line":284,"column":2},"end":{"line":299,"column":3}},"74":{"start":{"line":286,"column":4},"end":{"line":288,"column":5}},"75":{"start":{"line":287,"column":6},"end":{"line":287,"column":36}},"76":{"start":{"line":291,"column":17},"end":{"line":291,"column":80}},"77":{"start":{"line":292,"column":16},"end":{"line":292,"column":27}},"78":{"start":{"line":295,"column":4},"end":{"line":298,"column":5}},"79":{"start":{"line":296,"column":6},"end":{"line":296,"column":20}},"80":{"start":{"line":297,"column":6},"end":{"line":297,"column":40}},"81":{"start":{"line":303,"column":2},"end":{"line":303,"column":26}},"82":{"start":{"line":304,"column":15},"end":{"line":304,"column":31}},"83":{"start":{"line":305,"column":10},"end":{"line":305,"column":21}},"84":{"start":{"line":307,"column":2},"end":{"line":312,"column":3}},"85":{"start":{"line":308,"column":4},"end":{"line":308,"column":19}},"86":{"start":{"line":309,"column":4},"end":{"line":311,"column":5}},"87":{"start":{"line":310,"column":6},"end":{"line":310,"column":18}},"88":{"start":{"line":313,"column":2},"end":{"line":313,"column":14}},"89":{"start":{"line":316,"column":16},"end":{"line":320,"column":4}},"90":{"start":{"line":318,"column":2},"end":{"line":318,"column":59}},"91":{"start":{"line":318,"column":41},"end":{"line":318,"column":59}},"92":{"start":{"line":319,"column":2},"end":{"line":319,"column":95}},"93":{"start":{"line":322,"column":25},"end":{"line":322,"column":82}},"94":{"start":{"line":322,"column":38},"end":{"line":322,"column":82}},"95":{"start":{"line":343,"column":21},"end":{"line":343,"column":57}},"96":{"start":{"line":344,"column":17},"end":{"line":344,"column":19}},"97":{"start":{"line":345,"column":22},"end":{"line":356,"column":3}},"98":{"start":{"line":346,"column":22},"end":{"line":346,"column":61}},"99":{"start":{"line":347,"column":4},"end":{"line":355,"column":5}},"100":{"start":{"line":348,"column":6},"end":{"line":348,"column":56}},"101":{"start":{"line":349,"column":11},"end":{"line":355,"column":5}},"102":{"start":{"line":350,"column":6},"end":{"line":350,"column":41}},"103":{"start":{"line":351,"column":11},"end":{"line":355,"column":5}},"104":{"start":{"line":352,"column":6},"end":{"line":352,"column":38}},"105":{"start":{"line":354,"column":6},"end":{"line":354,"column":30}},"106":{"start":{"line":358,"column":2},"end":{"line":360,"column":3}},"107":{"start":{"line":358,"column":15},"end":{"line":358,"column":16}},"108":{"start":{"line":358,"column":22},"end":{"line":358,"column":38}},"109":{"start":{"line":359,"column":4},"end":{"line":359,"column":55}},"110":{"start":{"line":361,"column":2},"end":{"line":361,"column":16}},"111":{"start":{"line":374,"column":15},"end":{"line":383,"column":1}},"112":{"start":{"line":375,"column":2},"end":{"line":381,"column":19}},"113":{"start":{"line":376,"column":4},"end":{"line":380,"column":5}},"114":{"start":{"line":377,"column":6},"end":{"line":377,"column":34}},"115":{"start":{"line":379,"column":6},"end":{"line":379,"column":19}},"116":{"start":{"line":382,"column":2},"end":{"line":382,"column":11}},"117":{"start":{"line":392,"column":17},"end":{"line":397,"column":1}},"118":{"start":{"line":393,"column":2},"end":{"line":395,"column":3}},"119":{"start":{"line":394,"column":4},"end":{"line":394,"column":31}},"120":{"start":{"line":396,"column":2},"end":{"line":396,"column":17}},"121":{"start":{"line":408,"column":17},"end":{"line":415,"column":1}},"122":{"start":{"line":409,"column":2},"end":{"line":409,"column":81}},"123":{"start":{"line":410,"column":2},"end":{"line":410,"column":50}},"124":{"start":{"line":411,"column":2},"end":{"line":413,"column":5}},"125":{"start":{"line":414,"column":2},"end":{"line":414,"column":55}},"126":{"start":{"line":426,"column":21},"end":{"line":450,"column":1}},"127":{"start":{"line":430,"column":17},"end":{"line":430,"column":19}},"128":{"start":{"line":432,"column":2},"end":{"line":432,"column":26}},"129":{"start":{"line":434,"column":2},"end":{"line":434,"column":40}},"130":{"start":{"line":434,"column":25},"end":{"line":434,"column":40}},"131":{"start":{"line":436,"column":2},"end":{"line":447,"column":99}},"132":{"start":{"line":437,"column":4},"end":{"line":437,"column":50}},"133":{"start":{"line":438,"column":4},"end":{"line":438,"column":21}},"134":{"start":{"line":439,"column":4},"end":{"line":445,"column":5}},"135":{"start":{"line":440,"column":6},"end":{"line":440,"column":22}},"136":{"start":{"line":441,"column":6},"end":{"line":444,"column":7}},"137":{"start":{"line":442,"column":8},"end":{"line":442,"column":40}},"138":{"start":{"line":443,"column":8},"end":{"line":443,"column":28}},"139":{"start":{"line":446,"column":4},"end":{"line":446,"column":62}},"140":{"start":{"line":449,"column":2},"end":{"line":449,"column":17}},"141":{"start":{"line":461,"column":17},"end":{"line":469,"column":1}},"142":{"start":{"line":462,"column":2},"end":{"line":462,"column":20}},"143":{"start":{"line":463,"column":2},"end":{"line":465,"column":3}},"144":{"start":{"line":464,"column":4},"end":{"line":464,"column":26}},"145":{"start":{"line":466,"column":2},"end":{"line":466,"column":34}},"146":{"start":{"line":467,"column":20},"end":{"line":467,"column":55}},"147":{"start":{"line":468,"column":2},"end":{"line":468,"column":52}},"148":{"start":{"line":479,"column":16},"end":{"line":489,"column":1}},"149":{"start":{"line":480,"column":2},"end":{"line":480,"column":26}},"150":{"start":{"line":480,"column":14},"end":{"line":480,"column":26}},"151":{"start":{"line":481,"column":2},"end":{"line":481,"column":35}},"152":{"start":{"line":481,"column":22},"end":{"line":481,"column":35}},"153":{"start":{"line":482,"column":10},"end":{"line":482,"column":22}},"154":{"start":{"line":483,"column":2},"end":{"line":483,"column":32}},"155":{"start":{"line":483,"column":20},"end":{"line":483,"column":32}},"156":{"start":{"line":484,"column":14},"end":{"line":484,"column":26}},"157":{"start":{"line":485,"column":2},"end":{"line":487,"column":3}},"158":{"start":{"line":486,"column":4},"end":{"line":486,"column":22}},"159":{"start":{"line":488,"column":2},"end":{"line":488,"column":13}},"160":{"start":{"line":500,"column":21},"end":{"line":505,"column":67}},"161":{"start":{"line":502,"column":2},"end":{"line":504,"column":4}},"162":{"start":{"line":503,"column":4},"end":{"line":503,"column":53}},"163":{"start":{"line":515,"column":21},"end":{"line":526,"column":1}},"164":{"start":{"line":516,"column":20},"end":{"line":516,"column":47}},"165":{"start":{"line":518,"column":19},"end":{"line":518,"column":38}},"166":{"start":{"line":522,"column":2},"end":{"line":525,"column":3}},"167":{"start":{"line":523,"column":17},"end":{"line":523,"column":29}},"168":{"start":{"line":524,"column":4},"end":{"line":524,"column":35}},"169":{"start":{"line":536,"column":17},"end":{"line":545,"column":1}},"170":{"start":{"line":538,"column":14},"end":{"line":538,"column":16}},"171":{"start":{"line":540,"column":2},"end":{"line":542,"column":3}},"172":{"start":{"line":541,"column":4},"end":{"line":541,"column":22}},"173":{"start":{"line":544,"column":2},"end":{"line":544,"column":13}},"174":{"start":{"line":548,"column":19},"end":{"line":548,"column":48}},"175":{"start":{"line":550,"column":20},"end":{"line":556,"column":1}},"176":{"start":{"line":551,"column":2},"end":{"line":555,"column":4}},"177":{"start":{"line":553,"column":6},"end":{"line":553,"column":35}},"178":{"start":{"line":559,"column":23},"end":{"line":559,"column":110}},"179":{"start":{"line":559,"column":46},"end":{"line":559,"column":91}},"180":{"start":{"line":559,"column":61},"end":{"line":559,"column":91}},"181":{"start":{"line":568,"column":17},"end":{"line":568,"column":37}},"182":{"start":{"line":570,"column":26},"end":{"line":582,"column":1}},"183":{"start":{"line":571,"column":22},"end":{"line":571,"column":59}},"184":{"start":{"line":572,"column":29},"end":{"line":572,"column":31}},"185":{"start":{"line":574,"column":2},"end":{"line":579,"column":5}},"186":{"start":{"line":576,"column":4},"end":{"line":578,"column":5}},"187":{"start":{"line":577,"column":6},"end":{"line":577,"column":51}},"188":{"start":{"line":581,"column":2},"end":{"line":581,"column":51}},"189":{"start":{"line":589,"column":22},"end":{"line":613,"column":1}},"190":{"start":{"line":590,"column":2},"end":{"line":612,"column":5}},"191":{"start":{"line":592,"column":4},"end":{"line":594,"column":5}},"192":{"start":{"line":593,"column":6},"end":{"line":593,"column":19}},"193":{"start":{"line":596,"column":18},"end":{"line":596,"column":27}},"194":{"start":{"line":598,"column":4},"end":{"line":598,"column":35}},"195":{"start":{"line":598,"column":28},"end":{"line":598,"column":35}},"196":{"start":{"line":600,"column":4},"end":{"line":600,"column":34}},"197":{"start":{"line":602,"column":4},"end":{"line":605,"column":5}},"198":{"start":{"line":603,"column":6},"end":{"line":603,"column":34}},"199":{"start":{"line":604,"column":6},"end":{"line":604,"column":13}},"200":{"start":{"line":607,"column":4},"end":{"line":611,"column":5}},"201":{"start":{"line":608,"column":6},"end":{"line":610,"column":8}},"202":{"start":{"line":609,"column":8},"end":{"line":609,"column":73}},"203":{"start":{"line":615,"column":20},"end":{"line":627,"column":1}},"204":{"start":{"line":616,"column":14},"end":{"line":616,"column":16}},"205":{"start":{"line":618,"column":17},"end":{"line":622,"column":3}},"206":{"start":{"line":619,"column":4},"end":{"line":621,"column":7}},"207":{"start":{"line":620,"column":6},"end":{"line":620,"column":24}},"208":{"start":{"line":624,"column":2},"end":{"line":624,"column":98}},"209":{"start":{"line":626,"column":2},"end":{"line":626,"column":13}},"210":{"start":{"line":629,"column":13},"end":{"line":629,"column":21}},"211":{"start":{"line":631,"column":23},"end":{"line":633,"column":1}},"212":{"start":{"line":632,"column":2},"end":{"line":632,"column":81}},"213":{"start":{"line":643,"column":2},"end":{"line":643,"column":117}},"214":{"start":{"line":646,"column":21},"end":{"line":675,"column":1}},"215":{"start":{"line":647,"column":16},"end":{"line":647,"column":29}},"216":{"start":{"line":649,"column":16},"end":{"line":672,"column":3}},"217":{"start":{"line":651,"column":4},"end":{"line":669,"column":5}},"218":{"start":{"line":652,"column":6},"end":{"line":654,"column":7}},"219":{"start":{"line":653,"column":8},"end":{"line":653,"column":15}},"220":{"start":{"line":656,"column":6},"end":{"line":668,"column":7}},"221":{"start":{"line":657,"column":8},"end":{"line":657,"column":26}},"222":{"start":{"line":658,"column":23},"end":{"line":658,"column":48}},"223":{"start":{"line":660,"column":8},"end":{"line":663,"column":11}},"224":{"start":{"line":661,"column":31},"end":{"line":661,"column":50}},"225":{"start":{"line":662,"column":10},"end":{"line":662,"column":69}},"226":{"start":{"line":665,"column":8},"end":{"line":665,"column":29}},"227":{"start":{"line":667,"column":8},"end":{"line":667,"column":22}},"228":{"start":{"line":671,"column":4},"end":{"line":671,"column":18}},"229":{"start":{"line":674,"column":2},"end":{"line":674,"column":23}},"230":{"start":{"line":677,"column":18},"end":{"line":677,"column":45}},"231":{"start":{"line":679,"column":19},"end":{"line":680,"column":102}},"232":{"start":{"line":680,"column":2},"end":{"line":680,"column":102}},"233":{"start":{"line":685,"column":22},"end":{"line":705,"column":1}},"234":{"start":{"line":686,"column":2},"end":{"line":688,"column":3}},"235":{"start":{"line":687,"column":4},"end":{"line":687,"column":24}},"236":{"start":{"line":690,"column":2},"end":{"line":701,"column":60}},"237":{"start":{"line":691,"column":4},"end":{"line":695,"column":14}},"238":{"start":{"line":692,"column":6},"end":{"line":694,"column":7}},"239":{"start":{"line":693,"column":8},"end":{"line":693,"column":48}},"240":{"start":{"line":697,"column":4},"end":{"line":700,"column":5}},"241":{"start":{"line":698,"column":6},"end":{"line":698,"column":25}},"242":{"start":{"line":699,"column":6},"end":{"line":699,"column":38}},"243":{"start":{"line":701,"column":45},"end":{"line":701,"column":59}},"244":{"start":{"line":707,"column":13},"end":{"line":708,"column":103}},"245":{"start":{"line":712,"column":16},"end":{"line":768,"column":1}},"246":{"start":{"line":782,"column":2},"end":{"line":782,"column":19}},"247":{"start":{"line":784,"column":2},"end":{"line":788,"column":3}},"248":{"start":{"line":785,"column":4},"end":{"line":785,"column":52}},"249":{"start":{"line":787,"column":4},"end":{"line":787,"column":37}},"250":{"start":{"line":790,"column":2},"end":{"line":790,"column":25}},"251":{"start":{"line":791,"column":2},"end":{"line":791,"column":27}},"252":{"start":{"line":792,"column":2},"end":{"line":792,"column":29}},"253":{"start":{"line":793,"column":2},"end":{"line":793,"column":35}},"254":{"start":{"line":794,"column":2},"end":{"line":794,"column":38}},"255":{"start":{"line":795,"column":2},"end":{"line":798,"column":3}},"256":{"start":{"line":796,"column":4},"end":{"line":796,"column":29}},"257":{"start":{"line":797,"column":4},"end":{"line":797,"column":59}},"258":{"start":{"line":801,"column":0},"end":{"line":821,"column":3}},"259":{"start":{"line":803,"column":4},"end":{"line":819,"column":6}},"260":{"start":{"line":823,"column":20},"end":{"line":823,"column":40}},"261":{"start":{"line":824,"column":20},"end":{"line":824,"column":22}},"262":{"start":{"line":826,"column":0},"end":{"line":842,"column":3}},"263":{"start":{"line":841,"column":2},"end":{"line":841,"column":36}},"264":{"start":{"line":844,"column":0},"end":{"line":844,"column":49}},"265":{"start":{"line":845,"column":0},"end":{"line":845,"column":66}},"266":{"start":{"line":848,"column":0},"end":{"line":866,"column":2}},"267":{"start":{"line":849,"column":21},"end":{"line":849,"column":47}},"268":{"start":{"line":851,"column":2},"end":{"line":855,"column":5}},"269":{"start":{"line":852,"column":4},"end":{"line":852,"column":35}},"270":{"start":{"line":854,"column":4},"end":{"line":854,"column":35}},"271":{"start":{"line":857,"column":2},"end":{"line":857,"column":78}},"272":{"start":{"line":859,"column":2},"end":{"line":859,"column":27}},"273":{"start":{"line":861,"column":2},"end":{"line":861,"column":31}},"274":{"start":{"line":863,"column":2},"end":{"line":863,"column":56}},"275":{"start":{"line":865,"column":2},"end":{"line":865,"column":20}},"276":{"start":{"line":876,"column":2},"end":{"line":876,"column":64}},"277":{"start":{"line":887,"column":2},"end":{"line":887,"column":62}},"278":{"start":{"line":900,"column":2},"end":{"line":900,"column":24}},"279":{"start":{"line":900,"column":13},"end":{"line":900,"column":24}},"280":{"start":{"line":901,"column":2},"end":{"line":905,"column":27}},"281":{"start":{"line":903,"column":4},"end":{"line":903,"column":34}},"282":{"start":{"line":904,"column":4},"end":{"line":904,"column":50}},"283":{"start":{"line":916,"column":2},"end":{"line":916,"column":56}},"284":{"start":{"line":919,"column":19},"end":{"line":921,"column":2}},"285":{"start":{"line":920,"column":2},"end":{"line":920,"column":31}},"286":{"start":{"line":947,"column":2},"end":{"line":949,"column":3}},"287":{"start":{"line":948,"column":4},"end":{"line":948,"column":52}},"288":{"start":{"line":952,"column":2},"end":{"line":952,"column":74}},"289":{"start":{"line":955,"column":2},"end":{"line":962,"column":5}},"290":{"start":{"line":961,"column":4},"end":{"line":961,"column":48}},"291":{"start":{"line":964,"column":21},"end":{"line":964,"column":39}},"292":{"start":{"line":966,"column":18},"end":{"line":966,"column":51}},"293":{"start":{"line":967,"column":15},"end":{"line":967,"column":27}},"294":{"start":{"line":968,"column":18},"end":{"line":968,"column":33}},"295":{"start":{"line":969,"column":16},"end":{"line":969,"column":67}},"296":{"start":{"line":970,"column":18},"end":{"line":970,"column":64}},"297":{"start":{"line":972,"column":2},"end":{"line":974,"column":3}},"298":{"start":{"line":973,"column":4},"end":{"line":973,"column":54}},"299":{"start":{"line":977,"column":4},"end":{"line":977,"column":34}},"300":{"start":{"line":977,"column":24},"end":{"line":977,"column":34}},"301":{"start":{"line":979,"column":4},"end":{"line":981,"column":5}},"302":{"start":{"line":980,"column":6},"end":{"line":980,"column":33}},"303":{"start":{"line":983,"column":4},"end":{"line":985,"column":5}},"304":{"start":{"line":984,"column":6},"end":{"line":984,"column":75}},"305":{"start":{"line":987,"column":4},"end":{"line":989,"column":5}},"306":{"start":{"line":988,"column":6},"end":{"line":988,"column":92}},"307":{"start":{"line":991,"column":4},"end":{"line":991,"column":17}},"308":{"start":{"line":1005,"column":14},"end":{"line":1005,"column":19}},"309":{"start":{"line":1007,"column":4},"end":{"line":1029,"column":5}},"310":{"start":{"line":1008,"column":6},"end":{"line":1028,"column":7}},"311":{"start":{"line":1010,"column":8},"end":{"line":1010,"column":50}},"312":{"start":{"line":1012,"column":8},"end":{"line":1012,"column":38}},"313":{"start":{"line":1013,"column":13},"end":{"line":1028,"column":7}},"314":{"start":{"line":1018,"column":8},"end":{"line":1018,"column":34}},"315":{"start":{"line":1020,"column":8},"end":{"line":1026,"column":11}},"316":{"start":{"line":1021,"column":10},"end":{"line":1025,"column":12}},"317":{"start":{"line":1027,"column":8},"end":{"line":1027,"column":21}},"318":{"start":{"line":1031,"column":4},"end":{"line":1033,"column":5}},"319":{"start":{"line":1032,"column":6},"end":{"line":1032,"column":18}},"320":{"start":{"line":1035,"column":4},"end":{"line":1035,"column":69}},"321":{"start":{"line":1037,"column":4},"end":{"line":1037,"column":17}},"322":{"start":{"line":1040,"column":16},"end":{"line":1040,"column":18}},"323":{"start":{"line":1042,"column":25},"end":{"line":1046,"column":4}},"324":{"start":{"line":1049,"column":4},"end":{"line":1049,"column":43}},"325":{"start":{"line":1049,"column":36},"end":{"line":1049,"column":43}},"326":{"start":{"line":1051,"column":4},"end":{"line":1053,"column":5}},"327":{"start":{"line":1052,"column":6},"end":{"line":1052,"column":70}},"328":{"start":{"line":1055,"column":4},"end":{"line":1055,"column":22}},"329":{"start":{"line":1057,"column":4},"end":{"line":1065,"column":7}},"330":{"start":{"line":1058,"column":21},"end":{"line":1060,"column":7}},"331":{"start":{"line":1062,"column":6},"end":{"line":1064,"column":7}},"332":{"start":{"line":1063,"column":8},"end":{"line":1063,"column":51}},"333":{"start":{"line":1067,"column":4},"end":{"line":1067,"column":16}},"334":{"start":{"line":1070,"column":2},"end":{"line":1072,"column":3}},"335":{"start":{"line":1071,"column":4},"end":{"line":1071,"column":50}},"336":{"start":{"line":1074,"column":2},"end":{"line":1074,"column":13}},"337":{"start":{"line":1076,"column":2},"end":{"line":1076,"column":18}},"338":{"start":{"line":1088,"column":18},"end":{"line":1096,"column":3}},"339":{"start":{"line":1097,"column":2},"end":{"line":1099,"column":5}},"340":{"start":{"line":1098,"column":4},"end":{"line":1098,"column":26}},"341":{"start":{"line":1111,"column":2},"end":{"line":1111,"column":19}},"342":{"start":{"line":1113,"column":2},"end":{"line":1113,"column":46}},"343":{"start":{"line":1116,"column":18},"end":{"line":1116,"column":48}},"344":{"start":{"line":1118,"column":0},"end":{"line":1120,"column":2}},"345":{"start":{"line":1119,"column":2},"end":{"line":1119,"column":34}},"346":{"start":{"line":1122,"column":0},"end":{"line":1130,"column":2}},"347":{"start":{"line":1123,"column":18},"end":{"line":1125,"column":14}},"348":{"start":{"line":1124,"column":4},"end":{"line":1124,"column":47}},"349":{"start":{"line":1127,"column":2},"end":{"line":1129,"column":19}},"350":{"start":{"line":1128,"column":4},"end":{"line":1128,"column":53}},"351":{"start":{"line":1141,"column":2},"end":{"line":1147,"column":26}},"352":{"start":{"line":1161,"column":2},"end":{"line":1163,"column":3}},"353":{"start":{"line":1162,"column":4},"end":{"line":1162,"column":15}},"354":{"start":{"line":1165,"column":18},"end":{"line":1165,"column":53}},"355":{"start":{"line":1167,"column":2},"end":{"line":1171,"column":3}},"356":{"start":{"line":1168,"column":4},"end":{"line":1170,"column":6}},"357":{"start":{"line":1173,"column":22},"end":{"line":1173,"column":50}},"358":{"start":{"line":1177,"column":2},"end":{"line":1183,"column":3}},"359":{"start":{"line":1178,"column":4},"end":{"line":1178,"column":52}},"360":{"start":{"line":1180,"column":4},"end":{"line":1182,"column":66}},"361":{"start":{"line":1185,"column":2},"end":{"line":1192,"column":3}},"362":{"start":{"line":1186,"column":26},"end":{"line":1186,"column":42}},"363":{"start":{"line":1188,"column":4},"end":{"line":1190,"column":5}},"364":{"start":{"line":1189,"column":6},"end":{"line":1189,"column":40}},"365":{"start":{"line":1191,"column":4},"end":{"line":1191,"column":68}},"366":{"start":{"line":1194,"column":2},"end":{"line":1194,"column":13}},"367":{"start":{"line":1199,"column":4},"end":{"line":1199,"column":23}},"368":{"start":{"line":1211,"column":4},"end":{"line":1216,"column":7}},"369":{"start":{"line":1217,"column":4},"end":{"line":1217,"column":36}},"370":{"start":{"line":1228,"column":4},"end":{"line":1230,"column":5}},"371":{"start":{"line":1229,"column":6},"end":{"line":1229,"column":31}},"372":{"start":{"line":1239,"column":4},"end":{"line":1241,"column":5}},"373":{"start":{"line":1240,"column":6},"end":{"line":1240,"column":25}},"374":{"start":{"line":1255,"column":4},"end":{"line":1259,"column":7}},"375":{"start":{"line":1256,"column":6},"end":{"line":1258,"column":7}},"376":{"start":{"line":1257,"column":8},"end":{"line":1257,"column":14}},"377":{"start":{"line":1263,"column":29},"end":{"line":1263,"column":47}},"378":{"start":{"line":1265,"column":29},"end":{"line":1269,"column":1}},"379":{"start":{"line":1271,"column":24},"end":{"line":1271,"column":63}},"380":{"start":{"line":1273,"column":14},"end":{"line":1273,"column":42}},"381":{"start":{"line":1275,"column":14},"end":{"line":1275,"column":26}},"382":{"start":{"line":1277,"column":17},"end":{"line":1281,"column":1}},"383":{"start":{"line":1283,"column":23},"end":{"line":1293,"column":1}},"384":{"start":{"line":1284,"column":12},"end":{"line":1284,"column":14}},"385":{"start":{"line":1285,"column":19},"end":{"line":1285,"column":27}},"386":{"start":{"line":1286,"column":23},"end":{"line":1286,"column":44}},"387":{"start":{"line":1287,"column":2},"end":{"line":1287,"column":58}},"388":{"start":{"line":1288,"column":2},"end":{"line":1290,"column":3}},"389":{"start":{"line":1288,"column":15},"end":{"line":1288,"column":16}},"390":{"start":{"line":1289,"column":4},"end":{"line":1289,"column":46}},"391":{"start":{"line":1292,"column":2},"end":{"line":1292,"column":13}},"392":{"start":{"line":1296,"column":19},"end":{"line":1306,"column":1}},"393":{"start":{"line":1308,"column":22},"end":{"line":1308,"column":86}},"394":{"start":{"line":1310,"column":19},"end":{"line":1310,"column":74}},"395":{"start":{"line":1329,"column":30},"end":{"line":1330,"column":88}},"396":{"start":{"line":1341,"column":39},"end":{"line":1348,"column":4}},"397":{"start":{"line":1342,"column":2},"end":{"line":1347,"column":4}},"398":{"start":{"line":1350,"column":15},"end":{"line":1350,"column":74}},"399":{"start":{"line":1352,"column":27},"end":{"line":1359,"column":2}},"400":{"start":{"line":1361,"column":17},"end":{"line":1364,"column":1}},"401":{"start":{"line":1367,"column":2},"end":{"line":1376,"column":15}},"402":{"start":{"line":1369,"column":6},"end":{"line":1372,"column":7}},"403":{"start":{"line":1370,"column":8},"end":{"line":1370,"column":51}},"404":{"start":{"line":1371,"column":8},"end":{"line":1371,"column":21}},"405":{"start":{"line":1374,"column":6},"end":{"line":1374,"column":59}},"406":{"start":{"line":1391,"column":2},"end":{"line":1393,"column":5}},"407":{"start":{"line":1392,"column":4},"end":{"line":1392,"column":57}},"408":{"start":{"line":1404,"column":14},"end":{"line":1404,"column":16}},"409":{"start":{"line":1405,"column":15},"end":{"line":1405,"column":31}},"410":{"start":{"line":1407,"column":14},"end":{"line":1407,"column":25}},"411":{"start":{"line":1409,"column":2},"end":{"line":1412,"column":3}},"412":{"start":{"line":1410,"column":4},"end":{"line":1410,"column":18}},"413":{"start":{"line":1411,"column":4},"end":{"line":1411,"column":24}},"414":{"start":{"line":1413,"column":2},"end":{"line":1413,"column":13}},"415":{"start":{"line":1425,"column":15},"end":{"line":1425,"column":28}},"416":{"start":{"line":1427,"column":4},"end":{"line":1427,"column":42}},"417":{"start":{"line":1427,"column":30},"end":{"line":1427,"column":42}},"418":{"start":{"line":1429,"column":25},"end":{"line":1429,"column":47}},"419":{"start":{"line":1430,"column":19},"end":{"line":1430,"column":39}},"420":{"start":{"line":1431,"column":4},"end":{"line":1431,"column":67}},"421":{"start":{"line":1433,"column":4},"end":{"line":1441,"column":5}},"422":{"start":{"line":1434,"column":6},"end":{"line":1438,"column":7}},"423":{"start":{"line":1435,"column":8},"end":{"line":1435,"column":45}},"424":{"start":{"line":1437,"column":8},"end":{"line":1437,"column":29}},"425":{"start":{"line":1440,"column":6},"end":{"line":1440,"column":27}},"426":{"start":{"line":1443,"column":4},"end":{"line":1445,"column":5}},"427":{"start":{"line":1444,"column":6},"end":{"line":1444,"column":24}},"428":{"start":{"line":1447,"column":19},"end":{"line":1447,"column":62}},"429":{"start":{"line":1449,"column":4},"end":{"line":1451,"column":5}},"430":{"start":{"line":1450,"column":6},"end":{"line":1450,"column":49}},"431":{"start":{"line":1453,"column":4},"end":{"line":1453,"column":25}},"432":{"start":{"line":1456,"column":2},"end":{"line":1464,"column":3}},"433":{"start":{"line":1457,"column":16},"end":{"line":1457,"column":18}},"434":{"start":{"line":1459,"column":4},"end":{"line":1461,"column":7}},"435":{"start":{"line":1460,"column":6},"end":{"line":1460,"column":52}},"436":{"start":{"line":1463,"column":4},"end":{"line":1463,"column":15}},"437":{"start":{"line":1466,"column":2},"end":{"line":1466,"column":14}},"438":{"start":{"line":1480,"column":2},"end":{"line":1489,"column":3}},"439":{"start":{"line":1481,"column":4},"end":{"line":1488,"column":5}},"440":{"start":{"line":1482,"column":6},"end":{"line":1482,"column":39}},"441":{"start":{"line":1483,"column":6},"end":{"line":1483,"column":36}},"442":{"start":{"line":1485,"column":6},"end":{"line":1487,"column":7}},"443":{"start":{"line":1486,"column":8},"end":{"line":1486,"column":16}},"444":{"start":{"line":1491,"column":2},"end":{"line":1491,"column":47}},"445":{"start":{"line":1494,"column":17},"end":{"line":1613,"column":1}},"446":{"start":{"line":1501,"column":24},"end":{"line":1501,"column":54}},"447":{"start":{"line":1502,"column":31},"end":{"line":1502,"column":75}},"448":{"start":{"line":1503,"column":28},"end":{"line":1503,"column":50}},"449":{"start":{"line":1505,"column":4},"end":{"line":1507,"column":5}},"450":{"start":{"line":1506,"column":6},"end":{"line":1506,"column":32}},"451":{"start":{"line":1509,"column":23},"end":{"line":1509,"column":47}},"452":{"start":{"line":1511,"column":4},"end":{"line":1513,"column":5}},"453":{"start":{"line":1512,"column":6},"end":{"line":1512,"column":78}},"454":{"start":{"line":1515,"column":4},"end":{"line":1523,"column":5}},"455":{"start":{"line":1522,"column":6},"end":{"line":1522,"column":18}},"456":{"start":{"line":1524,"column":4},"end":{"line":1526,"column":5}},"457":{"start":{"line":1525,"column":6},"end":{"line":1525,"column":25}},"458":{"start":{"line":1527,"column":4},"end":{"line":1530,"column":5}},"459":{"start":{"line":1528,"column":6},"end":{"line":1528,"column":87}},"460":{"start":{"line":1529,"column":6},"end":{"line":1529,"column":29}},"461":{"start":{"line":1534,"column":4},"end":{"line":1548,"column":5}},"462":{"start":{"line":1535,"column":6},"end":{"line":1537,"column":7}},"463":{"start":{"line":1536,"column":8},"end":{"line":1536,"column":70}},"464":{"start":{"line":1539,"column":6},"end":{"line":1547,"column":7}},"465":{"start":{"line":1540,"column":26},"end":{"line":1540,"column":55}},"466":{"start":{"line":1542,"column":8},"end":{"line":1546,"column":10}},"467":{"start":{"line":1550,"column":4},"end":{"line":1553,"column":5}},"468":{"start":{"line":1551,"column":6},"end":{"line":1551,"column":56}},"469":{"start":{"line":1552,"column":6},"end":{"line":1552,"column":35}},"470":{"start":{"line":1555,"column":4},"end":{"line":1555,"column":16}},"471":{"start":{"line":1559,"column":25},"end":{"line":1559,"column":67}},"472":{"start":{"line":1560,"column":30},"end":{"line":1560,"column":76}},"473":{"start":{"line":1561,"column":26},"end":{"line":1561,"column":54}},"474":{"start":{"line":1563,"column":4},"end":{"line":1565,"column":5}},"475":{"start":{"line":1564,"column":6},"end":{"line":1564,"column":18}},"476":{"start":{"line":1567,"column":4},"end":{"line":1581,"column":5}},"477":{"start":{"line":1568,"column":32},"end":{"line":1568,"column":78}},"478":{"start":{"line":1569,"column":32},"end":{"line":1569,"column":67}},"479":{"start":{"line":1571,"column":6},"end":{"line":1580,"column":7}},"480":{"start":{"line":1572,"column":8},"end":{"line":1572,"column":32}},"481":{"start":{"line":1574,"column":8},"end":{"line":1579,"column":9}},"482":{"start":{"line":1575,"column":10},"end":{"line":1577,"column":11}},"483":{"start":{"line":1576,"column":12},"end":{"line":1576,"column":93}},"484":{"start":{"line":1578,"column":10},"end":{"line":1578,"column":18}},"485":{"start":{"line":1583,"column":4},"end":{"line":1583,"column":16}},"486":{"start":{"line":1604,"column":4},"end":{"line":1604,"column":41}},"487":{"start":{"line":1615,"column":0},"end":{"line":1617,"column":3}},"488":{"start":{"line":1616,"column":2},"end":{"line":1616,"column":32}},"489":{"start":{"line":1619,"column":19},"end":{"line":1619,"column":27}},"490":{"start":{"line":1623,"column":26},"end":{"line":1628,"column":2}},"491":{"start":{"line":1644,"column":21},"end":{"line":1671,"column":1}},"492":{"start":{"line":1645,"column":17},"end":{"line":1645,"column":19}},"493":{"start":{"line":1650,"column":2},"end":{"line":1668,"column":5}},"494":{"start":{"line":1651,"column":4},"end":{"line":1651,"column":26}},"495":{"start":{"line":1652,"column":4},"end":{"line":1652,"column":52}},"496":{"start":{"line":1653,"column":4},"end":{"line":1653,"column":39}},"497":{"start":{"line":1655,"column":4},"end":{"line":1657,"column":5}},"498":{"start":{"line":1656,"column":6},"end":{"line":1656,"column":13}},"499":{"start":{"line":1659,"column":4},"end":{"line":1667,"column":5}},"500":{"start":{"line":1660,"column":6},"end":{"line":1664,"column":7}},"501":{"start":{"line":1661,"column":8},"end":{"line":1661,"column":30}},"502":{"start":{"line":1663,"column":8},"end":{"line":1663,"column":28}},"503":{"start":{"line":1666,"column":6},"end":{"line":1666,"column":65}},"504":{"start":{"line":1670,"column":2},"end":{"line":1670,"column":16}},"505":{"start":{"line":1673,"column":19},"end":{"line":1673,"column":38}},"506":{"start":{"line":1676,"column":2},"end":{"line":1676,"column":55}},"507":{"start":{"line":1680,"column":2},"end":{"line":1682,"column":3}},"508":{"start":{"line":1681,"column":4},"end":{"line":1681,"column":17}},"509":{"start":{"line":1684,"column":2},"end":{"line":1684,"column":76}},"510":{"start":{"line":1688,"column":17},"end":{"line":1688,"column":36}},"511":{"start":{"line":1689,"column":19},"end":{"line":1689,"column":53}},"512":{"start":{"line":1692,"column":2},"end":{"line":1694,"column":3}},"513":{"start":{"line":1693,"column":4},"end":{"line":1693,"column":32}},"514":{"start":{"line":1696,"column":2},"end":{"line":1696,"column":16}},"515":{"start":{"line":1699,"column":26},"end":{"line":1699,"column":84}},"516":{"start":{"line":1699,"column":35},"end":{"line":1699,"column":84}},"517":{"start":{"line":1702,"column":2},"end":{"line":1704,"column":3}},"518":{"start":{"line":1703,"column":4},"end":{"line":1703,"column":44}},"519":{"start":{"line":1706,"column":2},"end":{"line":1708,"column":3}},"520":{"start":{"line":1707,"column":4},"end":{"line":1707,"column":19}},"521":{"start":{"line":1710,"column":2},"end":{"line":1710,"column":39}},"522":{"start":{"line":1710,"column":32},"end":{"line":1710,"column":39}},"523":{"start":{"line":1712,"column":2},"end":{"line":1714,"column":3}},"524":{"start":{"line":1713,"column":4},"end":{"line":1713,"column":40}},"525":{"start":{"line":1716,"column":2},"end":{"line":1718,"column":3}},"526":{"start":{"line":1717,"column":4},"end":{"line":1717,"column":30}},"527":{"start":{"line":1722,"column":2},"end":{"line":1725,"column":7}},"528":{"start":{"line":1724,"column":6},"end":{"line":1724,"column":38}},"529":{"start":{"line":1729,"column":23},"end":{"line":1729,"column":56}},"530":{"start":{"line":1731,"column":2},"end":{"line":1738,"column":5}},"531":{"start":{"line":1732,"column":4},"end":{"line":1737,"column":7}},"532":{"start":{"line":1734,"column":8},"end":{"line":1734,"column":69}},"533":{"start":{"line":1743,"column":4},"end":{"line":1743,"column":33}},"534":{"start":{"line":1747,"column":17},"end":{"line":1747,"column":21}},"535":{"start":{"line":1750,"column":22},"end":{"line":1750,"column":46}},"536":{"start":{"line":1752,"column":6},"end":{"line":1754,"column":7}},"537":{"start":{"line":1753,"column":8},"end":{"line":1753,"column":66}},"538":{"start":{"line":1756,"column":18},"end":{"line":1756,"column":48}},"539":{"start":{"line":1758,"column":6},"end":{"line":1760,"column":7}},"540":{"start":{"line":1759,"column":8},"end":{"line":1759,"column":54}},"541":{"start":{"line":1763,"column":23},"end":{"line":1764,"column":89}},"542":{"start":{"line":1764,"column":6},"end":{"line":1764,"column":89}},"543":{"start":{"line":1764,"column":52},"end":{"line":1764,"column":88}},"544":{"start":{"line":1766,"column":4},"end":{"line":1776,"column":5}},"545":{"start":{"line":1767,"column":6},"end":{"line":1767,"column":41}},"546":{"start":{"line":1768,"column":11},"end":{"line":1776,"column":5}},"547":{"start":{"line":1769,"column":6},"end":{"line":1769,"column":55}},"548":{"start":{"line":1770,"column":11},"end":{"line":1776,"column":5}},"549":{"start":{"line":1771,"column":6},"end":{"line":1773,"column":7}},"550":{"start":{"line":1772,"column":8},"end":{"line":1772,"column":39}},"551":{"start":{"line":1775,"column":6},"end":{"line":1775,"column":67}},"552":{"start":{"line":1778,"column":4},"end":{"line":1778,"column":16}},"553":{"start":{"line":1782,"column":4},"end":{"line":1782,"column":37}},"554":{"start":{"line":1784,"column":4},"end":{"line":1808,"column":5}},"555":{"start":{"line":1785,"column":18},"end":{"line":1785,"column":47}},"556":{"start":{"line":1787,"column":6},"end":{"line":1807,"column":7}},"557":{"start":{"line":1788,"column":22},"end":{"line":1788,"column":31}},"558":{"start":{"line":1790,"column":8},"end":{"line":1792,"column":9}},"559":{"start":{"line":1791,"column":10},"end":{"line":1791,"column":23}},"560":{"start":{"line":1794,"column":8},"end":{"line":1796,"column":9}},"561":{"start":{"line":1795,"column":10},"end":{"line":1795,"column":36}},"562":{"start":{"line":1798,"column":8},"end":{"line":1800,"column":9}},"563":{"start":{"line":1799,"column":10},"end":{"line":1799,"column":47}},"564":{"start":{"line":1802,"column":8},"end":{"line":1804,"column":9}},"565":{"start":{"line":1803,"column":10},"end":{"line":1803,"column":36}},"566":{"start":{"line":1806,"column":8},"end":{"line":1806,"column":70}},"567":{"start":{"line":1812,"column":4},"end":{"line":1812,"column":37}},"568":{"start":{"line":1814,"column":4},"end":{"line":1818,"column":5}},"569":{"start":{"line":1815,"column":18},"end":{"line":1815,"column":47}},"570":{"start":{"line":1817,"column":6},"end":{"line":1817,"column":113}},"571":{"start":{"line":1820,"column":4},"end":{"line":1820,"column":17}},"572":{"start":{"line":1824,"column":17},"end":{"line":1824,"column":21}},"573":{"start":{"line":1825,"column":18},"end":{"line":1825,"column":23}},"574":{"start":{"line":1828,"column":6},"end":{"line":1828,"column":41}},"575":{"start":{"line":1830,"column":6},"end":{"line":1838,"column":7}},"576":{"start":{"line":1831,"column":20},"end":{"line":1831,"column":50}},"577":{"start":{"line":1833,"column":8},"end":{"line":1837,"column":9}},"578":{"start":{"line":1834,"column":10},"end":{"line":1834,"column":27}},"579":{"start":{"line":1836,"column":10},"end":{"line":1836,"column":25}},"580":{"start":{"line":1841,"column":4},"end":{"line":1845,"column":5}},"581":{"start":{"line":1842,"column":6},"end":{"line":1842,"column":35}},"582":{"start":{"line":1844,"column":6},"end":{"line":1844,"column":27}},"583":{"start":{"line":1847,"column":4},"end":{"line":1847,"column":19}},"584":{"start":{"line":1851,"column":17},"end":{"line":1851,"column":34}},"585":{"start":{"line":1852,"column":12},"end":{"line":1852,"column":23}},"586":{"start":{"line":1853,"column":18},"end":{"line":1853,"column":23}},"587":{"start":{"line":1855,"column":4},"end":{"line":1861,"column":5}},"588":{"start":{"line":1856,"column":18},"end":{"line":1856,"column":25}},"589":{"start":{"line":1857,"column":6},"end":{"line":1860,"column":7}},"590":{"start":{"line":1858,"column":8},"end":{"line":1858,"column":25}},"591":{"start":{"line":1859,"column":8},"end":{"line":1859,"column":23}},"592":{"start":{"line":1863,"column":4},"end":{"line":1863,"column":19}},"593":{"start":{"line":1867,"column":17},"end":{"line":1867,"column":21}},"594":{"start":{"line":1868,"column":20},"end":{"line":1868,"column":22}},"595":{"start":{"line":1870,"column":4},"end":{"line":1888,"column":7}},"596":{"start":{"line":1871,"column":18},"end":{"line":1871,"column":50}},"597":{"start":{"line":1873,"column":6},"end":{"line":1877,"column":7}},"598":{"start":{"line":1874,"column":8},"end":{"line":1874,"column":42}},"599":{"start":{"line":1875,"column":8},"end":{"line":1875,"column":28}},"600":{"start":{"line":1876,"column":8},"end":{"line":1876,"column":15}},"601":{"start":{"line":1879,"column":25},"end":{"line":1879,"column":78}},"602":{"start":{"line":1881,"column":6},"end":{"line":1883,"column":7}},"603":{"start":{"line":1882,"column":8},"end":{"line":1882,"column":28}},"604":{"start":{"line":1885,"column":6},"end":{"line":1885,"column":47}},"605":{"start":{"line":1887,"column":6},"end":{"line":1887,"column":33}},"606":{"start":{"line":1890,"column":4},"end":{"line":1890,"column":16}},"607":{"start":{"line":1894,"column":4},"end":{"line":1894,"column":53}},"608":{"start":{"line":1898,"column":16},"end":{"line":1898,"column":35}},"609":{"start":{"line":1900,"column":4},"end":{"line":1902,"column":7}},"610":{"start":{"line":1901,"column":6},"end":{"line":1901,"column":121}},"611":{"start":{"line":1904,"column":4},"end":{"line":1904,"column":15}},"612":{"start":{"line":1908,"column":4},"end":{"line":1908,"column":60}},"613":{"start":{"line":1912,"column":4},"end":{"line":1912,"column":100}},"614":{"start":{"line":1912,"column":66},"end":{"line":1912,"column":87}},"615":{"start":{"line":1916,"column":4},"end":{"line":1916,"column":36}},"616":{"start":{"line":1920,"column":4},"end":{"line":1920,"column":26}},"617":{"start":{"line":1924,"column":4},"end":{"line":1924,"column":59}},"618":{"start":{"line":1928,"column":21},"end":{"line":1928,"column":36}},"619":{"start":{"line":1930,"column":4},"end":{"line":1930,"column":54}},"620":{"start":{"line":1930,"column":32},"end":{"line":1930,"column":52}},"621":{"start":{"line":1932,"column":4},"end":{"line":1932,"column":20}},"622":{"start":{"line":1936,"column":22},"end":{"line":1938,"column":6}},"623":{"start":{"line":1940,"column":22},"end":{"line":1940,"column":41}},"624":{"start":{"line":1941,"column":22},"end":{"line":1941,"column":36}},"625":{"start":{"line":1944,"column":22},"end":{"line":1944,"column":46}},"626":{"start":{"line":1946,"column":6},"end":{"line":1949,"column":7}},"627":{"start":{"line":1947,"column":8},"end":{"line":1947,"column":43}},"628":{"start":{"line":1948,"column":8},"end":{"line":1948,"column":34}},"629":{"start":{"line":1952,"column":4},"end":{"line":1952,"column":86}},"630":{"start":{"line":1954,"column":4},"end":{"line":1954,"column":16}},"631":{"start":{"line":1958,"column":0},"end":{"line":1958,"column":118}},"632":{"start":{"line":1961,"column":0},"end":{"line":1969,"column":3}},"633":{"start":{"line":1962,"column":15},"end":{"line":1962,"column":50}},"634":{"start":{"line":1963,"column":2},"end":{"line":1968,"column":3}},"635":{"start":{"line":1964,"column":15},"end":{"line":1964,"column":20}},"636":{"start":{"line":1966,"column":6},"end":{"line":1966,"column":33}},"637":{"start":{"line":1971,"column":0},"end":{"line":1971,"column":36}},"638":{"start":{"line":1973,"column":23},"end":{"line":1973,"column":35}},"639":{"start":{"line":1984,"column":17},"end":{"line":1984,"column":35}},"640":{"start":{"line":1985,"column":18},"end":{"line":1985,"column":36}},"641":{"start":{"line":1986,"column":18},"end":{"line":1986,"column":54}},"642":{"start":{"line":1987,"column":13},"end":{"line":1987,"column":25}},"643":{"start":{"line":1989,"column":2},"end":{"line":1991,"column":5}},"644":{"start":{"line":1990,"column":4},"end":{"line":1990,"column":94}},"645":{"start":{"line":1993,"column":2},"end":{"line":1993,"column":22}},"646":{"start":{"line":1995,"column":2},"end":{"line":1995,"column":14}},"647":{"start":{"line":1999,"column":2},"end":{"line":1999,"column":39}},"648":{"start":{"line":2013,"column":2},"end":{"line":2013,"column":106}},"649":{"start":{"line":2014,"column":2},"end":{"line":2014,"column":30}},"650":{"start":{"line":2017,"column":0},"end":{"line":2019,"column":3}},"651":{"start":{"line":2031,"column":25},"end":{"line":2031,"column":55}},"652":{"start":{"line":2032,"column":2},"end":{"line":2042,"column":3}},"653":{"start":{"line":2033,"column":4},"end":{"line":2033,"column":22}},"654":{"start":{"line":2035,"column":4},"end":{"line":2041,"column":7}},"655":{"start":{"line":2056,"column":2},"end":{"line":2056,"column":49}},"656":{"start":{"line":2068,"column":2},"end":{"line":2070,"column":14}},"657":{"start":{"line":2084,"column":22},"end":{"line":2084,"column":50}},"658":{"start":{"line":2085,"column":2},"end":{"line":2087,"column":3}},"659":{"start":{"line":2086,"column":4},"end":{"line":2086,"column":46}},"660":{"start":{"line":2088,"column":2},"end":{"line":2088,"column":22}},"661":{"start":{"line":2091,"column":16},"end":{"line":2091,"column":23}},"662":{"start":{"line":2094,"column":16},"end":{"line":2094,"column":53}},"663":{"start":{"line":2095,"column":2},"end":{"line":2095,"column":33}},"664":{"start":{"line":2098,"column":25},"end":{"line":2098,"column":72}},"665":{"start":{"line":2111,"column":16},"end":{"line":2111,"column":64}},"666":{"start":{"line":2112,"column":19},"end":{"line":2112,"column":37}},"667":{"start":{"line":2114,"column":2},"end":{"line":2116,"column":3}},"668":{"start":{"line":2115,"column":4},"end":{"line":2115,"column":18}},"669":{"start":{"line":2118,"column":2},"end":{"line":2141,"column":3}},"670":{"start":{"line":2119,"column":4},"end":{"line":2119,"column":65}},"671":{"start":{"line":2121,"column":18},"end":{"line":2121,"column":44}},"672":{"start":{"line":2123,"column":4},"end":{"line":2125,"column":5}},"673":{"start":{"line":2124,"column":6},"end":{"line":2124,"column":70}},"674":{"start":{"line":2127,"column":17},"end":{"line":2127,"column":25}},"675":{"start":{"line":2128,"column":21},"end":{"line":2128,"column":29}},"676":{"start":{"line":2129,"column":17},"end":{"line":2129,"column":25}},"677":{"start":{"line":2130,"column":19},"end":{"line":2130,"column":86}},"678":{"start":{"line":2132,"column":4},"end":{"line":2138,"column":5}},"679":{"start":{"line":2133,"column":6},"end":{"line":2135,"column":7}},"680":{"start":{"line":2134,"column":8},"end":{"line":2134,"column":82}},"681":{"start":{"line":2137,"column":6},"end":{"line":2137,"column":47}},"682":{"start":{"line":2140,"column":4},"end":{"line":2140,"column":18}},"683":{"start":{"line":2143,"column":2},"end":{"line":2143,"column":87}},"684":{"start":{"line":2146,"column":19},"end":{"line":2146,"column":38}},"685":{"start":{"line":2150,"column":4},"end":{"line":2159,"column":7}},"686":{"start":{"line":2158,"column":6},"end":{"line":2158,"column":48}},"687":{"start":{"line":2161,"column":4},"end":{"line":2163,"column":7}},"688":{"start":{"line":2165,"column":22},"end":{"line":2176,"column":5}},"689":{"start":{"line":2178,"column":4},"end":{"line":2184,"column":7}},"690":{"start":{"line":2179,"column":6},"end":{"line":2183,"column":7}},"691":{"start":{"line":2180,"column":8},"end":{"line":2182,"column":9}},"692":{"start":{"line":2181,"column":10},"end":{"line":2181,"column":38}},"693":{"start":{"line":2188,"column":22},"end":{"line":2188,"column":38}},"694":{"start":{"line":2190,"column":4},"end":{"line":2192,"column":5}},"695":{"start":{"line":2191,"column":6},"end":{"line":2191,"column":33}},"696":{"start":{"line":2194,"column":4},"end":{"line":2194,"column":29}},"697":{"start":{"line":2198,"column":22},"end":{"line":2198,"column":38}},"698":{"start":{"line":2199,"column":20},"end":{"line":2199,"column":37}},"699":{"start":{"line":2201,"column":34},"end":{"line":2201,"column":60}},"700":{"start":{"line":2203,"column":23},"end":{"line":2203,"column":43}},"701":{"start":{"line":2205,"column":20},"end":{"line":2205,"column":37}},"702":{"start":{"line":2206,"column":28},"end":{"line":2206,"column":45}},"703":{"start":{"line":2207,"column":25},"end":{"line":2207,"column":119}},"704":{"start":{"line":2209,"column":22},"end":{"line":2224,"column":5}},"705":{"start":{"line":2210,"column":20},"end":{"line":2210,"column":45}},"706":{"start":{"line":2211,"column":6},"end":{"line":2211,"column":35}},"707":{"start":{"line":2212,"column":6},"end":{"line":2212,"column":31}},"708":{"start":{"line":2214,"column":6},"end":{"line":2214,"column":73}},"709":{"start":{"line":2216,"column":6},"end":{"line":2223,"column":7}},"710":{"start":{"line":2217,"column":8},"end":{"line":2217,"column":36}},"711":{"start":{"line":2219,"column":8},"end":{"line":2222,"column":10}},"712":{"start":{"line":2220,"column":10},"end":{"line":2220,"column":42}},"713":{"start":{"line":2221,"column":10},"end":{"line":2221,"column":38}},"714":{"start":{"line":2226,"column":27},"end":{"line":2267,"column":5}},"715":{"start":{"line":2227,"column":24},"end":{"line":2227,"column":49}},"716":{"start":{"line":2228,"column":27},"end":{"line":2228,"column":31}},"717":{"start":{"line":2229,"column":25},"end":{"line":2229,"column":46}},"718":{"start":{"line":2231,"column":19},"end":{"line":2231,"column":20}},"719":{"start":{"line":2233,"column":6},"end":{"line":2244,"column":7}},"720":{"start":{"line":2234,"column":20},"end":{"line":2234,"column":30}},"721":{"start":{"line":2236,"column":8},"end":{"line":2241,"column":9}},"722":{"start":{"line":2237,"column":10},"end":{"line":2237,"column":29}},"723":{"start":{"line":2238,"column":10},"end":{"line":2238,"column":55}},"724":{"start":{"line":2239,"column":10},"end":{"line":2239,"column":59}},"725":{"start":{"line":2240,"column":10},"end":{"line":2240,"column":21}},"726":{"start":{"line":2243,"column":8},"end":{"line":2243,"column":53}},"727":{"start":{"line":2246,"column":6},"end":{"line":2257,"column":7}},"728":{"start":{"line":2247,"column":8},"end":{"line":2252,"column":9}},"729":{"start":{"line":2249,"column":10},"end":{"line":2251,"column":34}},"730":{"start":{"line":2250,"column":12},"end":{"line":2250,"column":36}},"731":{"start":{"line":2254,"column":8},"end":{"line":2256,"column":9}},"732":{"start":{"line":2255,"column":10},"end":{"line":2255,"column":35}},"733":{"start":{"line":2259,"column":6},"end":{"line":2262,"column":7}},"734":{"start":{"line":2260,"column":8},"end":{"line":2260,"column":55}},"735":{"start":{"line":2261,"column":8},"end":{"line":2261,"column":50}},"736":{"start":{"line":2264,"column":6},"end":{"line":2266,"column":21}},"737":{"start":{"line":2265,"column":8},"end":{"line":2265,"column":58}},"738":{"start":{"line":2269,"column":4},"end":{"line":2279,"column":7}},"739":{"start":{"line":2270,"column":6},"end":{"line":2272,"column":7}},"740":{"start":{"line":2271,"column":8},"end":{"line":2271,"column":29}},"741":{"start":{"line":2274,"column":6},"end":{"line":2278,"column":7}},"742":{"start":{"line":2275,"column":8},"end":{"line":2275,"column":51}},"743":{"start":{"line":2277,"column":8},"end":{"line":2277,"column":23}},"744":{"start":{"line":2283,"column":31},"end":{"line":2283,"column":51}},"745":{"start":{"line":2285,"column":24},"end":{"line":2285,"column":30}},"746":{"start":{"line":2287,"column":17},"end":{"line":2297,"column":1}},"747":{"start":{"line":2288,"column":2},"end":{"line":2296,"column":3}},"748":{"start":{"line":2289,"column":4},"end":{"line":2289,"column":25}},"749":{"start":{"line":2290,"column":9},"end":{"line":2296,"column":3}},"750":{"start":{"line":2291,"column":4},"end":{"line":2291,"column":35}},"751":{"start":{"line":2292,"column":9},"end":{"line":2296,"column":3}},"752":{"start":{"line":2293,"column":4},"end":{"line":2293,"column":33}},"753":{"start":{"line":2295,"column":4},"end":{"line":2295,"column":15}},"754":{"start":{"line":2299,"column":19},"end":{"line":2299,"column":27}},"755":{"start":{"line":2301,"column":26},"end":{"line":2301,"column":62}},"756":{"start":{"line":2303,"column":20},"end":{"line":2303,"column":118}},"757":{"start":{"line":2305,"column":13},"end":{"line":2305,"column":19}},"758":{"start":{"line":2306,"column":19},"end":{"line":2306,"column":43}},"759":{"start":{"line":2307,"column":25},"end":{"line":2307,"column":26}},"760":{"start":{"line":2311,"column":25},"end":{"line":2311,"column":41}},"761":{"start":{"line":2312,"column":26},"end":{"line":2312,"column":49}},"762":{"start":{"line":2314,"column":18},"end":{"line":2316,"column":13}},"763":{"start":{"line":2318,"column":4},"end":{"line":2322,"column":5}},"764":{"start":{"line":2319,"column":6},"end":{"line":2319,"column":78}},"765":{"start":{"line":2321,"column":6},"end":{"line":2321,"column":84}},"766":{"start":{"line":2324,"column":4},"end":{"line":2324,"column":54}},"767":{"start":{"line":2326,"column":4},"end":{"line":2326,"column":71}},"768":{"start":{"line":2328,"column":4},"end":{"line":2328,"column":80}},"769":{"start":{"line":2330,"column":4},"end":{"line":2330,"column":21}},"770":{"start":{"line":2331,"column":4},"end":{"line":2331,"column":23}},"771":{"start":{"line":2335,"column":4},"end":{"line":2335,"column":23}},"772":{"start":{"line":2337,"column":20},"end":{"line":2337,"column":24}},"773":{"start":{"line":2339,"column":4},"end":{"line":2343,"column":5}},"774":{"start":{"line":2340,"column":6},"end":{"line":2340,"column":18}},"775":{"start":{"line":2342,"column":6},"end":{"line":2342,"column":31}},"776":{"start":{"line":2345,"column":4},"end":{"line":2345,"column":21}},"777":{"start":{"line":2349,"column":6},"end":{"line":2353,"column":17}},"778":{"start":{"line":2349,"column":58},"end":{"line":2353,"column":14}},"779":{"start":{"line":2357,"column":25},"end":{"line":2404,"column":1}},"780":{"start":{"line":2362,"column":6},"end":{"line":2362,"column":19}},"781":{"start":{"line":2364,"column":2},"end":{"line":2366,"column":3}},"782":{"start":{"line":2365,"column":4},"end":{"line":2365,"column":50}},"783":{"start":{"line":2368,"column":2},"end":{"line":2370,"column":3}},"784":{"start":{"line":2369,"column":4},"end":{"line":2369,"column":57}},"785":{"start":{"line":2372,"column":24},"end":{"line":2372,"column":66}},"786":{"start":{"line":2373,"column":22},"end":{"line":2373,"column":78}},"787":{"start":{"line":2374,"column":22},"end":{"line":2374,"column":44}},"788":{"start":{"line":2376,"column":16},"end":{"line":2380,"column":4}},"789":{"start":{"line":2377,"column":17},"end":{"line":2377,"column":46}},"790":{"start":{"line":2378,"column":4},"end":{"line":2378,"column":31}},"791":{"start":{"line":2379,"column":4},"end":{"line":2379,"column":16}},"792":{"start":{"line":2382,"column":2},"end":{"line":2382,"column":59}},"793":{"start":{"line":2384,"column":2},"end":{"line":2384,"column":56}},"794":{"start":{"line":2386,"column":26},"end":{"line":2388,"column":3}},"795":{"start":{"line":2390,"column":2},"end":{"line":2392,"column":3}},"796":{"start":{"line":2391,"column":4},"end":{"line":2391,"column":54}},"797":{"start":{"line":2394,"column":2},"end":{"line":2394,"column":52}},"798":{"start":{"line":2396,"column":2},"end":{"line":2403,"column":8}},"799":{"start":{"line":2397,"column":4},"end":{"line":2400,"column":5}},"800":{"start":{"line":2398,"column":6},"end":{"line":2398,"column":26}},"801":{"start":{"line":2399,"column":6},"end":{"line":2399,"column":27}},"802":{"start":{"line":2402,"column":4},"end":{"line":2402,"column":22}},"803":{"start":{"line":2406,"column":27},"end":{"line":2406,"column":43}},"804":{"start":{"line":2410,"column":4},"end":{"line":2410,"column":21}},"805":{"start":{"line":2411,"column":4},"end":{"line":2411,"column":15}},"806":{"start":{"line":2415,"column":4},"end":{"line":2425,"column":5}},"807":{"start":{"line":2416,"column":6},"end":{"line":2416,"column":41}},"808":{"start":{"line":2419,"column":6},"end":{"line":2424,"column":7}},"809":{"start":{"line":2420,"column":23},"end":{"line":2420,"column":38}},"810":{"start":{"line":2421,"column":8},"end":{"line":2421,"column":24}},"811":{"start":{"line":2422,"column":8},"end":{"line":2422,"column":24}},"812":{"start":{"line":2423,"column":8},"end":{"line":2423,"column":36}},"813":{"start":{"line":2427,"column":4},"end":{"line":2427,"column":48}},"814":{"start":{"line":2431,"column":36},"end":{"line":2431,"column":61}},"815":{"start":{"line":2433,"column":20},"end":{"line":2444,"column":1}},"816":{"start":{"line":2434,"column":2},"end":{"line":2443,"column":9}},"817":{"start":{"line":2435,"column":15},"end":{"line":2435,"column":25}},"818":{"start":{"line":2436,"column":4},"end":{"line":2442,"column":11}},"819":{"start":{"line":2437,"column":6},"end":{"line":2441,"column":7}},"820":{"start":{"line":2438,"column":8},"end":{"line":2438,"column":64}},"821":{"start":{"line":2440,"column":8},"end":{"line":2440,"column":16}},"822":{"start":{"line":2446,"column":22},"end":{"line":2446,"column":33}},"823":{"start":{"line":2455,"column":2},"end":{"line":2455,"column":36}},"824":{"start":{"line":2456,"column":16},"end":{"line":2456,"column":39}},"825":{"start":{"line":2457,"column":21},"end":{"line":2457,"column":44}},"826":{"start":{"line":2458,"column":13},"end":{"line":2458,"column":14}},"827":{"start":{"line":2459,"column":13},"end":{"line":2459,"column":14}},"828":{"start":{"line":2462,"column":2},"end":{"line":2462,"column":39}},"829":{"start":{"line":2464,"column":2},"end":{"line":2497,"column":4}},"830":{"start":{"line":2465,"column":16},"end":{"line":2465,"column":26}},"831":{"start":{"line":2467,"column":22},"end":{"line":2467,"column":38}},"832":{"start":{"line":2469,"column":4},"end":{"line":2471,"column":5}},"833":{"start":{"line":2470,"column":6},"end":{"line":2470,"column":26}},"834":{"start":{"line":2473,"column":4},"end":{"line":2473,"column":30}},"835":{"start":{"line":2474,"column":4},"end":{"line":2474,"column":27}},"836":{"start":{"line":2476,"column":12},"end":{"line":2476,"column":16}},"837":{"start":{"line":2477,"column":21},"end":{"line":2477,"column":22}},"838":{"start":{"line":2479,"column":4},"end":{"line":2482,"column":5}},"839":{"start":{"line":2480,"column":6},"end":{"line":2480,"column":31}},"840":{"start":{"line":2481,"column":6},"end":{"line":2481,"column":27}},"841":{"start":{"line":2484,"column":4},"end":{"line":2484,"column":37}},"842":{"start":{"line":2486,"column":4},"end":{"line":2488,"column":5}},"843":{"start":{"line":2487,"column":6},"end":{"line":2487,"column":39}},"844":{"start":{"line":2490,"column":4},"end":{"line":2492,"column":5}},"845":{"start":{"line":2491,"column":6},"end":{"line":2491,"column":13}},"846":{"start":{"line":2494,"column":19},"end":{"line":2494,"column":47}},"847":{"start":{"line":2496,"column":4},"end":{"line":2496,"column":71}},"848":{"start":{"line":2507,"column":18},"end":{"line":2507,"column":19}},"849":{"start":{"line":2508,"column":18},"end":{"line":2508,"column":29}},"850":{"start":{"line":2512,"column":17},"end":{"line":2520,"column":3}},"851":{"start":{"line":2513,"column":4},"end":{"line":2513,"column":20}},"852":{"start":{"line":2514,"column":4},"end":{"line":2514,"column":20}},"853":{"start":{"line":2515,"column":4},"end":{"line":2518,"column":5}},"854":{"start":{"line":2516,"column":6},"end":{"line":2516,"column":26}},"855":{"start":{"line":2517,"column":6},"end":{"line":2517,"column":19}},"856":{"start":{"line":2519,"column":4},"end":{"line":2519,"column":25}},"857":{"start":{"line":2522,"column":20},"end":{"line":2536,"column":3}},"858":{"start":{"line":2523,"column":16},"end":{"line":2523,"column":26}},"859":{"start":{"line":2524,"column":19},"end":{"line":2524,"column":34}},"860":{"start":{"line":2525,"column":4},"end":{"line":2535,"column":5}},"861":{"start":{"line":2526,"column":6},"end":{"line":2526,"column":24}},"862":{"start":{"line":2528,"column":6},"end":{"line":2528,"column":22}},"863":{"start":{"line":2529,"column":6},"end":{"line":2534,"column":7}},"864":{"start":{"line":2530,"column":8},"end":{"line":2533,"column":31}},"865":{"start":{"line":2531,"column":10},"end":{"line":2531,"column":23}},"866":{"start":{"line":2532,"column":10},"end":{"line":2532,"column":27}},"867":{"start":{"line":2538,"column":16},"end":{"line":2538,"column":50}},"868":{"start":{"line":2538,"column":22},"end":{"line":2538,"column":50}},"869":{"start":{"line":2540,"column":2},"end":{"line":2540,"column":28}},"870":{"start":{"line":2543,"column":29},"end":{"line":2570,"column":1}},"871":{"start":{"line":2544,"column":22},"end":{"line":2544,"column":23}},"872":{"start":{"line":2545,"column":23},"end":{"line":2545,"column":43}},"873":{"start":{"line":2547,"column":2},"end":{"line":2569,"column":11}},"874":{"start":{"line":2548,"column":19},"end":{"line":2548,"column":27}},"875":{"start":{"line":2549,"column":18},"end":{"line":2549,"column":58}},"876":{"start":{"line":2550,"column":26},"end":{"line":2550,"column":48}},"877":{"start":{"line":2551,"column":17},"end":{"line":2551,"column":44}},"878":{"start":{"line":2552,"column":20},"end":{"line":2552,"column":35}},"879":{"start":{"line":2554,"column":4},"end":{"line":2554,"column":27}},"880":{"start":{"line":2556,"column":17},"end":{"line":2566,"column":5}},"881":{"start":{"line":2568,"column":4},"end":{"line":2568,"column":19}},"882":{"start":{"line":2572,"column":31},"end":{"line":2580,"column":1}},"883":{"start":{"line":2573,"column":27},"end":{"line":2573,"column":40}},"884":{"start":{"line":2575,"column":2},"end":{"line":2579,"column":20}},"885":{"start":{"line":2575,"column":22},"end":{"line":2579,"column":4}},"886":{"start":{"line":2582,"column":23},"end":{"line":2582,"column":75}},"887":{"start":{"line":2582,"column":31},"end":{"line":2582,"column":75}},"888":{"start":{"line":2582,"column":44},"end":{"line":2582,"column":75}},"889":{"start":{"line":2582,"column":63},"end":{"line":2582,"column":74}},"890":{"start":{"line":2584,"column":20},"end":{"line":2587,"column":1}},"891":{"start":{"line":2589,"column":22},"end":{"line":2592,"column":1}},"892":{"start":{"line":2594,"column":26},"end":{"line":2594,"column":93}},"893":{"start":{"line":2596,"column":47},"end":{"line":2596,"column":82}},"894":{"start":{"line":2598,"column":16},"end":{"line":2598,"column":25}},"895":{"start":{"line":2600,"column":27},"end":{"line":2602,"column":2}},"896":{"start":{"line":2601,"column":2},"end":{"line":2601,"column":24}},"897":{"start":{"line":2604,"column":22},"end":{"line":2610,"column":1}},"898":{"start":{"line":2605,"column":2},"end":{"line":2607,"column":24}},"899":{"start":{"line":2609,"column":2},"end":{"line":2609,"column":19}},"900":{"start":{"line":2621,"column":2},"end":{"line":2623,"column":3}},"901":{"start":{"line":2622,"column":4},"end":{"line":2622,"column":43}},"902":{"start":{"line":2624,"column":2},"end":{"line":2626,"column":3}},"903":{"start":{"line":2625,"column":4},"end":{"line":2625,"column":61}},"904":{"start":{"line":2639,"column":14},"end":{"line":2639,"column":25}},"905":{"start":{"line":2640,"column":2},"end":{"line":2645,"column":3}},"906":{"start":{"line":2641,"column":21},"end":{"line":2641,"column":78}},"907":{"start":{"line":2642,"column":4},"end":{"line":2644,"column":5}},"908":{"start":{"line":2643,"column":6},"end":{"line":2643,"column":32}},"909":{"start":{"line":2646,"column":2},"end":{"line":2673,"column":3}},"910":{"start":{"line":2648,"column":4},"end":{"line":2650,"column":5}},"911":{"start":{"line":2649,"column":6},"end":{"line":2649,"column":73}},"912":{"start":{"line":2652,"column":4},"end":{"line":2661,"column":5}},"913":{"start":{"line":2654,"column":6},"end":{"line":2656,"column":7}},"914":{"start":{"line":2655,"column":8},"end":{"line":2655,"column":85}},"915":{"start":{"line":2657,"column":21},"end":{"line":2659,"column":27}},"916":{"start":{"line":2660,"column":6},"end":{"line":2660,"column":65}},"917":{"start":{"line":2663,"column":4},"end":{"line":2663,"column":87}},"918":{"start":{"line":2664,"column":22},"end":{"line":2664,"column":50}},"919":{"start":{"line":2665,"column":4},"end":{"line":2665,"column":33}},"920":{"start":{"line":2667,"column":4},"end":{"line":2667,"column":29}},"921":{"start":{"line":2668,"column":4},"end":{"line":2668,"column":30}},"922":{"start":{"line":2669,"column":4},"end":{"line":2669,"column":28}},"923":{"start":{"line":2670,"column":4},"end":{"line":2672,"column":5}},"924":{"start":{"line":2671,"column":6},"end":{"line":2671,"column":94}},"925":{"start":{"line":2675,"column":2},"end":{"line":2679,"column":4}},"926":{"start":{"line":2678,"column":4},"end":{"line":2678,"column":65}},"927":{"start":{"line":2682,"column":31},"end":{"line":2682,"column":102}},"928":{"start":{"line":2686,"column":18},"end":{"line":2709,"column":1}},"929":{"start":{"line":2687,"column":2},"end":{"line":2708,"column":4}},"930":{"start":{"line":2691,"column":17},"end":{"line":2695,"column":5}},"931":{"start":{"line":2692,"column":6},"end":{"line":2692,"column":25}},"932":{"start":{"line":2692,"column":18},"end":{"line":2692,"column":25}},"933":{"start":{"line":2693,"column":6},"end":{"line":2693,"column":20}},"934":{"start":{"line":2694,"column":6},"end":{"line":2694,"column":42}},"935":{"start":{"line":2697,"column":21},"end":{"line":2700,"column":5}},"936":{"start":{"line":2698,"column":6},"end":{"line":2698,"column":18}},"937":{"start":{"line":2699,"column":6},"end":{"line":2699,"column":21}},"938":{"start":{"line":2702,"column":20},"end":{"line":2705,"column":5}},"939":{"start":{"line":2703,"column":6},"end":{"line":2703,"column":25}},"940":{"start":{"line":2704,"column":6},"end":{"line":2704,"column":21}},"941":{"start":{"line":2707,"column":4},"end":{"line":2707,"column":97}},"942":{"start":{"line":2707,"column":57},"end":{"line":2707,"column":79}},"943":{"start":{"line":2711,"column":22},"end":{"line":2719,"column":1}},"944":{"start":{"line":2712,"column":2},"end":{"line":2714,"column":3}},"945":{"start":{"line":2713,"column":4},"end":{"line":2713,"column":48}},"946":{"start":{"line":2715,"column":2},"end":{"line":2718,"column":5}},"947":{"start":{"line":2721,"column":26},"end":{"line":2721,"column":117}},"948":{"start":{"line":2721,"column":47},"end":{"line":2721,"column":117}},"949":{"start":{"line":2724,"column":20},"end":{"line":3246,"column":1}},"950":{"start":{"line":2725,"column":2},"end":{"line":3245,"column":5}},"951":{"start":{"line":2726,"column":33},"end":{"line":2726,"column":39}},"952":{"start":{"line":2727,"column":45},"end":{"line":2727,"column":51}},"953":{"start":{"line":2728,"column":19},"end":{"line":2728,"column":46}},"954":{"start":{"line":2730,"column":19},"end":{"line":2730,"column":24}},"955":{"start":{"line":2733,"column":4},"end":{"line":2747,"column":5}},"956":{"start":{"line":2734,"column":22},"end":{"line":2734,"column":96}},"957":{"start":{"line":2734,"column":55},"end":{"line":2734,"column":95}},"958":{"start":{"line":2736,"column":6},"end":{"line":2746,"column":8}},"959":{"start":{"line":2737,"column":8},"end":{"line":2745,"column":11}},"960":{"start":{"line":2738,"column":10},"end":{"line":2740,"column":11}},"961":{"start":{"line":2739,"column":12},"end":{"line":2739,"column":27}},"962":{"start":{"line":2742,"column":28},"end":{"line":2742,"column":127}},"963":{"start":{"line":2742,"column":69},"end":{"line":2742,"column":92}},"964":{"start":{"line":2744,"column":10},"end":{"line":2744,"column":92}},"965":{"start":{"line":2750,"column":20},"end":{"line":2750,"column":45}},"966":{"start":{"line":2752,"column":23},"end":{"line":2762,"column":5}},"967":{"start":{"line":2753,"column":6},"end":{"line":2755,"column":7}},"968":{"start":{"line":2754,"column":8},"end":{"line":2754,"column":46}},"969":{"start":{"line":2757,"column":6},"end":{"line":2759,"column":7}},"970":{"start":{"line":2758,"column":8},"end":{"line":2758,"column":58}},"971":{"start":{"line":2761,"column":6},"end":{"line":2761,"column":35}},"972":{"start":{"line":2764,"column":4},"end":{"line":2770,"column":7}},"973":{"start":{"line":2765,"column":6},"end":{"line":2765,"column":20}},"974":{"start":{"line":2766,"column":6},"end":{"line":2769,"column":7}},"975":{"start":{"line":2767,"column":8},"end":{"line":2767,"column":24}},"976":{"start":{"line":2768,"column":8},"end":{"line":2768,"column":21}},"977":{"start":{"line":2773,"column":6},"end":{"line":2773,"column":100}},"978":{"start":{"line":2776,"column":4},"end":{"line":2776,"column":34}},"979":{"start":{"line":2778,"column":4},"end":{"line":2783,"column":5}},"980":{"start":{"line":2779,"column":6},"end":{"line":2779,"column":64}},"981":{"start":{"line":2780,"column":6},"end":{"line":2782,"column":7}},"982":{"start":{"line":2781,"column":8},"end":{"line":2781,"column":89}},"983":{"start":{"line":2786,"column":21},"end":{"line":2786,"column":88}},"984":{"start":{"line":2787,"column":19},"end":{"line":2787,"column":90}},"985":{"start":{"line":2788,"column":21},"end":{"line":2788,"column":61}},"986":{"start":{"line":2790,"column":4},"end":{"line":2827,"column":5}},"987":{"start":{"line":2793,"column":6},"end":{"line":2800,"column":7}},"988":{"start":{"line":2794,"column":8},"end":{"line":2799,"column":11}},"989":{"start":{"line":2802,"column":6},"end":{"line":2808,"column":7}},"990":{"start":{"line":2803,"column":8},"end":{"line":2805,"column":11}},"991":{"start":{"line":2807,"column":8},"end":{"line":2807,"column":71}},"992":{"start":{"line":2810,"column":6},"end":{"line":2818,"column":7}},"993":{"start":{"line":2811,"column":8},"end":{"line":2811,"column":65}},"994":{"start":{"line":2813,"column":8},"end":{"line":2815,"column":9}},"995":{"start":{"line":2814,"column":10},"end":{"line":2814,"column":58}},"996":{"start":{"line":2816,"column":13},"end":{"line":2818,"column":7}},"997":{"start":{"line":2817,"column":8},"end":{"line":2817,"column":80}},"998":{"start":{"line":2820,"column":6},"end":{"line":2826,"column":9}},"999":{"start":{"line":2829,"column":4},"end":{"line":2835,"column":5}},"1000":{"start":{"line":2830,"column":6},"end":{"line":2834,"column":9}},"1001":{"start":{"line":2837,"column":20},"end":{"line":2837,"column":67}},"1002":{"start":{"line":2843,"column":4},"end":{"line":2843,"column":57}},"1003":{"start":{"line":2845,"column":51},"end":{"line":2845,"column":57}},"1004":{"start":{"line":2846,"column":20},"end":{"line":2846,"column":34}},"1005":{"start":{"line":2847,"column":24},"end":{"line":2847,"column":33}},"1006":{"start":{"line":2848,"column":26},"end":{"line":2848,"column":35}},"1007":{"start":{"line":2851,"column":4},"end":{"line":2899,"column":5}},"1008":{"start":{"line":2852,"column":27},"end":{"line":2852,"column":80}},"1009":{"start":{"line":2854,"column":6},"end":{"line":2859,"column":9}},"1010":{"start":{"line":2855,"column":8},"end":{"line":2855,"column":33}},"1011":{"start":{"line":2861,"column":11},"end":{"line":2899,"column":5}},"1012":{"start":{"line":2862,"column":6},"end":{"line":2862,"column":37}},"1013":{"start":{"line":2864,"column":6},"end":{"line":2871,"column":7}},"1014":{"start":{"line":2865,"column":8},"end":{"line":2870,"column":9}},"1015":{"start":{"line":2866,"column":30},"end":{"line":2866,"column":97}},"1016":{"start":{"line":2867,"column":10},"end":{"line":2867,"column":100}},"1017":{"start":{"line":2872,"column":11},"end":{"line":2899,"column":5}},"1018":{"start":{"line":2873,"column":6},"end":{"line":2873,"column":83}},"1019":{"start":{"line":2874,"column":6},"end":{"line":2874,"column":47}},"1020":{"start":{"line":2875,"column":6},"end":{"line":2875,"column":72}},"1021":{"start":{"line":2876,"column":11},"end":{"line":2899,"column":5}},"1022":{"start":{"line":2877,"column":6},"end":{"line":2887,"column":7}},"1023":{"start":{"line":2877,"column":40},"end":{"line":2887,"column":7}},"1024":{"start":{"line":2878,"column":8},"end":{"line":2878,"column":49}},"1025":{"start":{"line":2879,"column":13},"end":{"line":2887,"column":7}},"1026":{"start":{"line":2880,"column":8},"end":{"line":2880,"column":42}},"1027":{"start":{"line":2882,"column":8},"end":{"line":2886,"column":11}},"1028":{"start":{"line":2890,"column":6},"end":{"line":2890,"column":51}},"1029":{"start":{"line":2892,"column":6},"end":{"line":2898,"column":7}},"1030":{"start":{"line":2893,"column":8},"end":{"line":2897,"column":11}},"1031":{"start":{"line":2901,"column":26},"end":{"line":2901,"column":76}},"1032":{"start":{"line":2903,"column":4},"end":{"line":2908,"column":5}},"1033":{"start":{"line":2904,"column":6},"end":{"line":2904,"column":33}},"1034":{"start":{"line":2905,"column":6},"end":{"line":2905,"column":35}},"1035":{"start":{"line":2907,"column":6},"end":{"line":2907,"column":48}},"1036":{"start":{"line":2910,"column":4},"end":{"line":2926,"column":5}},"1037":{"start":{"line":2911,"column":6},"end":{"line":2913,"column":7}},"1038":{"start":{"line":2912,"column":8},"end":{"line":2912,"column":83}},"1039":{"start":{"line":2915,"column":6},"end":{"line":2917,"column":25}},"1040":{"start":{"line":2919,"column":6},"end":{"line":2925,"column":9}},"1041":{"start":{"line":2929,"column":15},"end":{"line":2929,"column":24}},"1042":{"start":{"line":2930,"column":4},"end":{"line":2934,"column":5}},"1043":{"start":{"line":2931,"column":23},"end":{"line":2931,"column":49}},"1044":{"start":{"line":2932,"column":23},"end":{"line":2932,"column":49}},"1045":{"start":{"line":2933,"column":6},"end":{"line":2933,"column":39}},"1046":{"start":{"line":2936,"column":4},"end":{"line":2940,"column":5}},"1047":{"start":{"line":2937,"column":26},"end":{"line":2937,"column":41}},"1048":{"start":{"line":2938,"column":26},"end":{"line":2938,"column":41}},"1049":{"start":{"line":2939,"column":6},"end":{"line":2939,"column":45}},"1050":{"start":{"line":2942,"column":4},"end":{"line":2942,"column":44}},"1051":{"start":{"line":2946,"column":4},"end":{"line":2958,"column":5}},"1052":{"start":{"line":2947,"column":6},"end":{"line":2951,"column":27}},"1053":{"start":{"line":2953,"column":24},"end":{"line":2953,"column":46}},"1054":{"start":{"line":2954,"column":6},"end":{"line":2954,"column":32}},"1055":{"start":{"line":2955,"column":6},"end":{"line":2955,"column":33}},"1056":{"start":{"line":2956,"column":6},"end":{"line":2956,"column":30}},"1057":{"start":{"line":2957,"column":6},"end":{"line":2957,"column":31}},"1058":{"start":{"line":2960,"column":4},"end":{"line":2963,"column":8}},"1059":{"start":{"line":2965,"column":20},"end":{"line":2975,"column":5}},"1060":{"start":{"line":2978,"column":4},"end":{"line":2978,"column":62}},"1061":{"start":{"line":2980,"column":4},"end":{"line":2986,"column":5}},"1062":{"start":{"line":2981,"column":6},"end":{"line":2981,"column":45}},"1063":{"start":{"line":2983,"column":6},"end":{"line":2983,"column":106}},"1064":{"start":{"line":2984,"column":6},"end":{"line":2984,"column":33}},"1065":{"start":{"line":2985,"column":6},"end":{"line":2985,"column":129}},"1066":{"start":{"line":2989,"column":27},"end":{"line":2989,"column":57}},"1067":{"start":{"line":2990,"column":4},"end":{"line":2990,"column":74}},"1068":{"start":{"line":2991,"column":4},"end":{"line":3003,"column":5}},"1069":{"start":{"line":2992,"column":6},"end":{"line":2992,"column":35}},"1070":{"start":{"line":2993,"column":11},"end":{"line":3003,"column":5}},"1071":{"start":{"line":2994,"column":6},"end":{"line":2994,"column":88}},"1072":{"start":{"line":2996,"column":6},"end":{"line":2998,"column":7}},"1073":{"start":{"line":2997,"column":8},"end":{"line":2997,"column":51}},"1074":{"start":{"line":2999,"column":6},"end":{"line":3001,"column":7}},"1075":{"start":{"line":3000,"column":8},"end":{"line":3000,"column":63}},"1076":{"start":{"line":3002,"column":6},"end":{"line":3002,"column":60}},"1077":{"start":{"line":3005,"column":4},"end":{"line":3010,"column":5}},"1078":{"start":{"line":3006,"column":6},"end":{"line":3006,"column":51}},"1079":{"start":{"line":3009,"column":6},"end":{"line":3009,"column":39}},"1080":{"start":{"line":3012,"column":4},"end":{"line":3014,"column":5}},"1081":{"start":{"line":3013,"column":6},"end":{"line":3013,"column":61}},"1082":{"start":{"line":3017,"column":4},"end":{"line":3162,"column":7}},"1083":{"start":{"line":3018,"column":6},"end":{"line":3018,"column":32}},"1084":{"start":{"line":3018,"column":25},"end":{"line":3018,"column":32}},"1085":{"start":{"line":3020,"column":22},"end":{"line":3020,"column":27}},"1086":{"start":{"line":3022,"column":29},"end":{"line":3022,"column":59}},"1087":{"start":{"line":3024,"column":6},"end":{"line":3038,"column":7}},"1088":{"start":{"line":3025,"column":32},"end":{"line":3027,"column":10}},"1089":{"start":{"line":3029,"column":8},"end":{"line":3035,"column":11}},"1090":{"start":{"line":3037,"column":8},"end":{"line":3037,"column":38}},"1091":{"start":{"line":3041,"column":27},"end":{"line":3041,"column":30}},"1092":{"start":{"line":3044,"column":26},"end":{"line":3044,"column":40}},"1093":{"start":{"line":3047,"column":6},"end":{"line":3081,"column":7}},"1094":{"start":{"line":3050,"column":8},"end":{"line":3052,"column":9}},"1095":{"start":{"line":3051,"column":10},"end":{"line":3051,"column":49}},"1096":{"start":{"line":3054,"column":8},"end":{"line":3080,"column":9}},"1097":{"start":{"line":3061,"column":10},"end":{"line":3061,"column":74}},"1098":{"start":{"line":3064,"column":10},"end":{"line":3064,"column":49}},"1099":{"start":{"line":3065,"column":10},"end":{"line":3065,"column":16}},"1100":{"start":{"line":3067,"column":10},"end":{"line":3067,"column":58}},"1101":{"start":{
[...]
QAAQ,CAAC,UAAU,CAAC,MAAM,CAAC,OAAO,IAAID,UAAQ,CAAC,OAAO,CAAC,CAAC;AAC1E;AACA,EAAE,OAAO,OAAO,CAAC,MAAM,CAAC,CAAC,IAAI,CAAC,SAAS,mBAAmB,CAAC,QAAQ,EAAE;AACrE,IAAI,4BAA4B,CAAC,MAAM,CAAC,CAAC;AACzC;AACA;AACA,IAAI,QAAQ,CAAC,IAAI,GAAG,aAAa,CAAC,IAAI;AACtC,MAAM,MAAM;AACZ,MAAM,MAAM,CAAC,iBAAiB;AAC9B,MAAM,QAAQ;AACd,KAAK,CAAC;AACN;AACA,IAAI,QAAQ,CAAC,OAAO,GAAGC,cAAY,CAAC,IAAI,CAAC,QAAQ,CAAC,OAAO,CAAC,CAAC;AAC3D;AACA,IAAI,OAAO,QAAQ,CAAC;AACpB,GAAG,EAAE,SAAS,kBAAkB,CAAC,MAAM,EAAE;AACzC,IAAI,IAAI,CAAC,QAAQ,CAAC,MAAM,CAAC,EAAE;AAC3B,MAAM,4BAA4B,CAAC,MAAM,CAAC,CAAC;AAC3C;AACA;AACA,MAAM,IAAI,MAAM,IAAI,MAAM,CAAC,QAAQ,EAAE;AACrC,QAAQ,MAAM,CAAC,QAAQ,CAAC,IAAI,GAAG,aAAa,CAAC,IAAI;AACjD,UAAU,MAAM;AAChB,UAAU,MAAM,CAAC,iBAAiB;AAClC,UAAU,MAAM,CAAC,QAAQ;AACzB,SAAS,CAAC;AACV,QAAQ,MAAM,CAAC,QAAQ,CAAC,OAAO,GAAGA,cAAY,CAAC,IAAI,CAAC,MAAM,CAAC,QAAQ,CAAC,OAAO,CAAC,CAAC;AAC7E,OAAO;AACP,KAAK;AACL;AACA,IAAI,OAAO,OAAO,CAAC,MAAM,CAAC,MAAM,CAAC,CAAC;AAClC,GAAG,CAAC,CAAC;AACL;;AC3EA,MAAMgB,YAAU,GAAG,EAAE,CAAC;AACtB;AACA;AACA,CAAC,QAAQ,EAAE,SAAS,EAAE,QAAQ,EAAE,UAAU,EAAE,QAAQ,EAAE,QAAQ,CAAC,CAAC,OAAO,CAAC,CAAC,IAAI,EAAE,CAAC,KAAK;AACrF,EAAEA,YAAU,CAAC,IAAI,CAAC,GAAG,SAAS,SAAS,CAAC,KAAK,EAAE;AAC/C,IAAI,OAAO,OAAO,KAAK,KAAK,IAAI,IAAI,GAAG,IAAI,CAAC,GAAG,CAAC,GAAG,IAAI,GAAG,GAAG,CAAC,GAAG,IAAI,CAAC;AACtE,GAAG,CAAC;AACJ,CAAC,CAAC,CAAC;AACH;AACA,MAAM,kBAAkB,GAAG,EAAE,CAAC;AAC9B;AACA;AACA;AACA;AACA;AACA;AACA;AACA;AACA;AACA;AACAA,YAAU,CAAC,YAAY,GAAG,SAAS,YAAY,CAAC,SAAS,EAAE,OAAO,EAAE,OAAO,EAAE;AAC7E,EAAE,SAAS,aAAa,CAAC,GAAG,EAAE,IAAI,EAAE;AACpC,IAAI,OAAO,UAAU,GAAG,OAAO,GAAG,0BAA0B,GAAG,GAAG,GAAG,IAAI,GAAG,IAAI,IAAI,OAAO,GAAG,IAAI,GAAG,OAAO,GAAG,EAAE,CAAC,CAAC;AACnH,GAAG;AACH;AACA;AACA,EAAE,OAAO,CAAC,KAAK,EAAE,GAAG,EAAE,IAAI,KAAK;AAC/B,IAAI,IAAI,SAAS,KAAK,KAAK,EAAE;AAC7B,MAAM,MAAM,IAAI,UAAU;AAC1B,QAAQ,aAAa,CAAC,GAAG,EAAE,mBAAmB,IAAI,OAAO,GAAG,MAAM,GAAG,OAAO,GAAG,EAAE,CAAC,CAAC;AACnF,QAAQ,UAAU,CAAC,cAAc;AACjC,OAAO,CAAC;AACR,KAAK;AACL;AACA,IAAI,IAAI,OAAO,IAAI,CAAC,kBAAkB,CAAC,GAAG,CAAC,EAAE;AAC7C,MAAM,kBAAkB,CAAC,GAAG,CAAC,GAAG,IAAI,CAAC;AACrC;AACA,MAAM,OAAO,CAAC,IAAI;AAClB,QAAQ,aAAa;AACrB,UAAU,GAAG;AACb,UAAU,8BAA8B,GAAG,OAAO,GAAG,yCAAyC;AAC9F,SAAS;AACT,OAAO,CAAC;AACR,KAAK;AACL;AACA,IAAI,OAAO,SAAS,GAAG,SAAS,CAAC,KAAK,EAAE,GAAG,EAAE,IAAI,CAAC,GAAG,IAAI,CAAC;AAC1D,GAAG,CAAC;AACJ,CAAC,CAAC;AACF;AACAA,YAAU,CAAC,QAAQ,GAAG,SAAS,QAAQ,CAAC,eAAe,EAAE;AACzD,EAAE,OAAO,CAAC,KAAK,EAAE,GAAG,KAAK;AACzB;AACA,IAAI,OAAO,CAAC,IAAI,CAAC,CAAC,EAAE,GAAG,CAAC,4BAA4B,EAAE,eAAe,CAAC,CAAC,CAAC,CAAC;AACzE,IAAI,OAAO,IAAI,CAAC;AAChB,GAAG;AACH,CAAC,CAAC;AACF;AACA;AACA;AACA;AACA;AACA;AACA;AACA;AACA;AACA;AACA;AACA,SAAS,aAAa,CAAC,OAAO,EAAE,MAAM,EAAE,YAAY,EAAE;AACtD,EAAE,IAAI,OAAO,OAAO,KAAK,QAAQ,EAAE;AACnC,IAAI,MAAM,IAAI,UAAU,CAAC,2BAA2B,EAAE,UAAU,CAAC,oBAAoB,CAAC,CAAC;AACvF,GAAG;AACH,EAAE,MAAM,IAAI,GAAG,MAAM,CAAC,IAAI,CAAC,OAAO,CAAC,CAAC;AACpC,EAAE,IAAI,CAAC,GAAG,IAAI,CAAC,MAAM,CAAC;AACtB,EAAE,OAAO,CAAC,EAAE,GAAG,CAAC,EAAE;AAClB,IAAI,MAAM,GAAG,GAAG,IAAI,CAAC,CAAC,CAAC,CAAC;AACxB,IAAI,MAAM,SAAS,GAAG,MAAM,CAAC,GAAG,CAAC,CAAC;AAClC,IAAI,IAAI,SAAS,EAAE;AACnB,MAAM,MAAM,KAAK,GAAG,OAAO,CAAC,GAAG,CAAC,CAAC;AACjC,MAAM,MAAM,MAAM,GAAG,KAAK,KAAK,SAAS,IAAI,SAAS,CAAC,KAAK,EAAE,GAAG,EAAE,OAAO,CAAC,CAAC;AAC3E,MAAM,IAAI,MAAM,KAAK,IAAI,EAAE;AAC3B,QAAQ,MAAM,IAAI,UAAU,CAAC,SAAS,GAAG,GAAG,GAAG,WAAW,GAAG,MAAM,EAAE,UAAU,CAAC,oBAAoB,CAAC,CAAC;AACtG,OAAO;AACP,MAAM,SAAS;AACf,KAAK;AACL,IAAI,IAAI,YAAY,KAAK,IAAI,EAAE;AAC/B,MAAM,MAAM,IAAI,UAAU,CAAC,iBAAiB,GAAG,GAAG,EAAE,UAAU,CAAC,cAAc,CAAC,CAAC;AAC/E,KAAK;AACL,GAAG;AACH,CAAC;AACD;AACA,kBAAe;AACf,EAAE,aAAa;AACf,cAAEA,YAAU;AACZ,CAAC;;AChGD;AACA;AACA;AACA;AACA;AACA,MAAM,aAAa,CAAC;AACpB;AACA,EAAE,WAAW,CAAC,OAAO,GAAG,EAAE,EAAE;AAC5B,IAAI,IAAI,CAAC,IAAI,GAAG,EAAE,CAAC;AACnB,IAAI,IAAI,CAAC,OAAO,GAAG,KAAK,CAAC;AACzB;AACA,IAAI,IAAI,CAAC,OAAO,GAAG,CAAC,OAAO,CAAC,OAAO,KAAK,SAAS,IAAI,OAAO,CAAC,OAAO,GAAG,GAAG,CAAC;AAC3E,GAAG;AACH;AACA;AACA;AACA;AACA,EAAE,MAAM,GAAG;AACX,IAAI,IAAI,CAAC,OAAO,GAAG,IAAI,CAAC;AACxB,GAAG;AACH;AACA;AACA;AACA;AACA,EAAE,OAAO,GAAG;AACZ,IAAI,IAAI,CAAC,OAAO,GAAG,KAAK,CAAC;AACzB,GAAG;AACH;AACA;AACA;AACA;AACA;AACA,EAAE,SAAS,GAAG;AACd,IAAI,OAAO,IAAI,CAAC,OAAO,CAAC;AACxB,GAAG;AACH;AACA;AACA;AACA;AACA;AACA;AACA,EAAE,MAAM,CAAC,MAAM,EAAE,QAAQ,EAAE;AAC3B,IAAI,IAAI,CAAC,IAAI,CAAC,OAAO,IAAI,IAAI,CAAC,OAAO,IAAI,CAAC,EAAE;AAC5C,MAAM,OAAO;AACb,KAAK;AACL;AACA;AACA,IAAI,MAAM,QAAQ,GAAG;AACrB,MAAM,MAAM,EAAE,MAAM,CAAC,MAAM,GAAG,MAAM,CAAC,MAAM,CAAC,WAAW,EAAE,GAAG,KAAK;AACjE,MAAM,GAAG,EAAE,MAAM,CAAC,GAAG;AACrB;AACA,MAAM,MAAM,EAAE,QAAQ,GAAG,QAAQ,CAAC,MAAM,GAAG,CAAC;AAC5C,KAAK,CAAC;AACN;AACA;AACA,IAAI,IAAI,CAAC,IAAI,CAAC,IAAI,CAAC,QAAQ,CAAC,CAAC;AAC7B;AACA;AACA,IAAI,OAAO,IAAI,CAAC,IAAI,CAAC,MAAM,GAAG,IAAI,CAAC,OAAO,EAAE;AAC5C;AACA,MAAM,IAAI,CAAC,IAAI,CAAC,KAAK,EAAE,CAAC;AACxB,KAAK;AACL,GAAG;AACH;AACA;AACA;AACA;AACA;AACA,EAAE,OAAO,GAAG;AACZ;AACA,IAAI,OAAO,CAAC,GAAG,IAAI,CAAC,IAAI,CAAC,CAAC;AAC1B,GAAG;AACH;AACA;AACA;AACA;AACA,EAAE,SAAS,GAAG;AACd,IAAI,IAAI,CAAC,IAAI,GAAG,EAAE,CAAC;AACnB,GAAG;AACH,CAAC;AACD;AACA,wBAAe,aAAa;;ACvE5B,MAAM,UAAU,GAAG,SAAS,CAAC,UAAU,CAAC;AACxC;AACA;AACA;AACA;AACA;AACA;AACA;AACA;AACA,MAAM,KAAK,CAAC;AACZ,EAAE,WAAW,CAAC,cAAc,EAAE;AAC9B,IAAI,IAAI,CAAC,QAAQ,GAAG,cAAc,CAAC;AACnC,IAAI,IAAI,CAAC,YAAY,GAAG;AACxB,MAAM,OAAO,EAAE,IAAIC,oBAAkB,EAAE;AACvC,MAAM,QAAQ,EAAE,IAAIA,oBAAkB,EAAE;AACxC,KAAK,CAAC;AACN;AACA;AACA,IAAI,MAAM,oBAAoB,GAAG,cAAc,CAAC,aAAa,IAAI,EAAE,CAAC;AACpE,IAAI,IAAI,CAAC,aAAa,GAAG,IAAIC,eAAa,CAAC,oBAAoB,CAAC,CAAC;AACjE;AACA;AACA,IAAI,IAAI,CAAC,sBAAsB,EAAE,CAAC;AAClC,GAAG;AACH;AACA;AACA;AACA;AACA;AACA,EAAE,sBAAsB,GAAG;AAC3B;AACA,IAAI,IAAI,CAAC,YAAY,CAAC,QAAQ,CAAC,GAAG;AAClC,MAAM,CAAC,QAAQ,KAAK;AACpB,QAAQ,IAAI,IAAI,CAAC,aAAa,CAAC,SAAS,EAAE,EAAE;AAC5C,UAAU,IAAI,CAAC,aAAa,CAAC,MAAM,CAAC,QAAQ,CAAC,MAAM,EAAE,QAAQ,CAAC,CAAC;AAC/D,SAAS;AACT,QAAQ,OAAO,QAAQ,CAAC;AACxB,OAAO;AACP,MAAM,CAAC,KAAK,KAAK;AACjB;AACA,QAAQ,IAAI,IAAI,CAAC,aAAa,CAAC,SAAS,EAAE,IAAI,KAAK,CAAC,MAAM,IAAI,KAAK,CAAC,IAAI,KAAK,eAAe,EAAE;AAC9F,UAAU,IAAI,CAAC,aAAa,CAAC,MAAM,CAAC,KAAK,CAAC,MAAM,EAAE,KAAK,CAAC,QAAQ,IAAI,IAAI,CAAC,CAAC;AAC1E,SAAS;AACT,QAAQ,OAAO,OAAO,CAAC,MAAM,CAAC,KAAK,CAAC,CAAC;AACrC,OAAO;AACP,KAAK,CAAC;AACN,GAAG;AACH;AACA;AACA;AACA;AACA;AACA;AACA;AACA;AACA;AACA;AACA,EAAE,MAAM,OAAO,CAAC,WAAW,EAAE,MAAM,EAAE;AACrC,IAAI,IAAI;AACR,MAAM,OAAO,MAAM,IAAI,CAAC,QAAQ,CAAC,WAAW,EAAE,MAAM,CAAC,CAAC;AACtD,KAAK,CAAC,OAAO,GAAG,EAAE;AAClB,MAAM,IAAI,GAAG,YAAY,KAAK,EAAE;AAChC,QAAQ,IAAI,KAAK,GAAG,EAAE,CAAC;AACvB;AACA,QAAQ,KAAK,CAAC,iBAAiB,GAAG,KAAK,CAAC,iBAAiB,CAAC,KAAK,CAAC,IAAI,KAAK,GAAG,IAAI,KAAK,EAAE,CAAC,CAAC;AACzF;AACA;AACA,QAAQ,MAAM,KAAK,GAAG,KAAK,CAAC,KAAK,GAAG,KAAK,CAAC,KAAK,CAAC,OAAO,CAAC,OAAO,EAAE,EAAE,CAAC,GAAG,EAAE,CAAC;AAC1E,QAAQ,IAAI;AACZ,UAAU,IAAI,CAAC,GAAG,CAAC,KAAK,EAAE;AAC1B,YAAY,GAAG,CAAC,KAAK,GAAG,KAAK,CAAC;AAC9B;AACA,WAAW,MAAM,IAAI,KAAK,IAAI,CAAC,MAAM,CAAC,GAAG,CAAC,KAAK,CAAC,CAAC,QAAQ,CAAC,KAAK,CAAC,OAAO,CAAC,WAAW,EAAE,EAAE,CAAC,CAAC,EAAE;AAC3F,YAAY,GAAG,CAAC,KAAK,IAAI,IAAI,GAAG,MAAK;AACrC,WAAW;AACX,SAAS,CAAC,OAAO,CAAC,EAAE;AACpB;AACA,SAAS;AACT,OAAO;AACP;AACA,MAAM,MAAM,GAAG,CAAC;AAChB,KAAK;AACL,GAAG;AACH;AACA,EAAE,QAAQ,CAAC,WAAW,EAAE,MAAM,EAAE;AAChC;AACA;AACA,IAAI,IAAI,OAAO,WAAW,KAAK,QAAQ,EAAE;AACzC,MAAM,MAAM,GAAG,MAAM,IAAI,EAAE,CAAC;AAC5B,MAAM,MAAM,CAAC,GAAG,GAAG,WAAW,CAAC;AAC/B,KAAK,MAAM;AACX,MAAM,MAAM,GAAG,WAAW,IAAI,EAAE,CAAC;AACjC,KAAK;AACL;AACA,IAAI,MAAM,GAAG,WAAW,CAAC,IAAI,CAAC,QAAQ,EAAE,MAAM,CAAC,CAAC;AAChD;AACA,IAAI,MAAM,CAAC,YAAY,EAAE,gBAAgB,EAAE,OAAO,CAAC,GAAG,MAAM,CAAC;AAC7D;AACA,IAAI,IAAI,YAAY,KAAK,SAAS,EAAE;AACpC,MAAM,SAAS,CAAC,aAAa,CAAC,YAAY,EAAE;AAC5C,QAAQ,iBAAiB,EAAE,UAAU,CAAC,YAAY,CAAC,UAAU,CAAC,OAAO,CAAC;AACtE,QAAQ,iBAAiB,EAAE,UAAU,CAAC,YAAY,CAAC,UAAU,CAAC,OAAO,CAAC;AACtE,QAAQ,mBAAmB,EAAE,UAAU,CAAC,YAAY,CAAC,UAAU,CAAC,OAAO,CAAC;AACxE,OAAO,EAAE,KAAK,CAAC,CAAC;AAChB,KAAK;AACL;AACA,IAAI,IAAI,gBAAgB,IAAI,IAAI,EAAE;AAClC,MAAM,IAAI3B,OAAK,CAAC,UAAU,CAAC,gBAAgB,CAAC,EAAE;AAC9C,QAAQ,MAAM,CAAC,gBAAgB,GAAG;AAClC,UAAU,SAAS,EAAE,gBAAgB;AACrC,UAAS;AACT,OAAO,MAAM;AACb,QAAQ,SAAS,CAAC,aAAa,CAAC,gBAAgB,EAAE;AAClD,UAAU,MAAM,EAAE,UAAU,CAAC,QAAQ;AACrC,UAAU,SAAS,EAAE,UAAU,CAAC,QAAQ;AACxC,SAAS,EAAE,IAAI,CAAC,CAAC;AACjB,OAAO;AACP,KAAK;AACL;AACA;AACA,IAAI,IAAI,MAAM,CAAC,iBAAiB,KAAK,SAAS,EAAE,CAE3C,MAAM,IAAI,IAAI,CAAC,QAAQ,CAAC,iBAAiB,KAAK,SAAS,EAAE;AAC9D,MAAM,MAAM,CAAC,iBAAiB,GAAG,IAAI,CAAC,QAAQ,CAAC,iBAAiB,CAAC;AACjE,KAAK,MAAM;AACX,MAAM,MAAM,CAAC,iBAAiB,GAAG,IAAI,CAAC;AACtC,KAAK;AACL;AACA,IAAI,SAAS,CAAC,aAAa,CAAC,MAAM,EAAE;AACpC,MAAM,OAAO,EAAE,UAAU,CAAC,QAAQ,CAAC,SAAS,CAAC;AAC7C,MAAM,aAAa,EAAE,UAAU,CAAC,QAAQ,CAAC,eAAe,CAAC;AACzD,KAAK,EAAE,IAAI,CAAC,CAAC;AACb;AACA;AACA,IAAI,MAAM,CAAC,MAAM,GAAG,CAAC,MAAM,CAAC,MAAM,IAAI,IAAI,CAAC,QAAQ,CAAC,MAAM,IAAI,KAAK,EAAE,WAAW,EAAE,CAAC;AACnF;AACA;AACA,IAAI,IAAI,cAAc,GAAG,OAAO,IAAIA,OAAK,CAAC,KAAK;AAC/C,MAAM,OAAO,CAAC,MAAM;AACpB,MAAM,OAAO,CAAC,MAAM,CAAC,MAAM,CAAC;AAC5B,KAAK,CAAC;AACN;AACA,IAAI,OAAO,IAAIA,OAAK,CAAC,OAAO;AAC5B,MAAM,CAAC,QAAQ,EAAE,KAAK,EAAE,MAAM,EAAE,MAAM,EAAE,KAAK,EAAE,OAAO,EAAE,QAAQ,CAAC;AACjE,MAAM,CAAC,MAAM,KAAK;AAClB,QAAQ,OAAO,OAAO,CAAC,MAAM,CAAC,CAAC;AAC/B,OAAO;AACP,KAAK,CAAC;AACN;AACA,IAAI,MAAM,CAAC,OAAO,GAAGS,cAAY,CAAC,MAAM,CAAC,cAAc,EAAE,OAAO,CAAC,CAAC;AAClE;AACA;AACA,IAAI,MAAM,uBAAuB,GAAG,EAAE,CAAC;AACvC,IAAI,IAAI,8BAA8B,GAAG,IAAI,CAAC;AAC9C,IAAI,IAAI,CAAC,YAAY,CAAC,OAAO,CAAC,OAAO,CAAC,SAAS,0BAA0B,CAAC,WAAW,EAAE;AACvF,MAAM,IAAI,OAAO,WAAW,CAAC,OAAO,KAAK,UAAU,IAAI,WAAW,CAAC,OAAO,CAAC,MAAM,CAAC,KAAK,KAAK,EAAE;AAC9F,QAAQ,OAAO;AACf,OAAO;AACP;AACA,MAAM,8BAA8B,GAAG,8BAA8B,IAAI,WAAW,CAAC,WAAW,CAAC;AACjG;AACA,MAAM,uBAAuB,CAAC,OAAO,CAAC,WAAW,CAAC,SAAS,EAAE,WAAW,CAAC,QAAQ,CAAC,CAAC;AACnF,KAAK,CAAC,CAAC;AACP;AACA,IAAI,MAAM,wBAAwB,GAAG,EAAE,CAAC;AACxC,IAAI,IAAI,CAAC,YAAY,CAAC,QAAQ,CAAC,OAAO,CAAC,SAAS,wBAAwB,CAAC,WAAW,EAAE;AACtF,MAAM,wBAAwB,CAAC,IAAI,CAAC,WAAW,CAAC,SAAS,EAAE,WAAW,CAAC,QAAQ,CAAC,CAAC;AACjF,KAAK,CAAC,CAAC;AACP;AACA,IAAI,IAAI,OAAO,CAAC;AAChB,IAAI,IAAI,CAAC,GAAG,CAAC,CAAC;AACd,IAAI,IAAI,GAAG,CAAC;AACZ;AACA,IAAI,IAAI,CAAC,8BAA8B,EAAE;AACzC,MAAM,MAAM,KAAK,GAAG,CAAC,eAAe,CAAC,IAAI,CAAC,IAAI,CAAC,EAAE,SAAS,CAAC,CAAC;AAC5D,MAAM,KAAK,CAAC,OAAO,CAAC,KAAK,CAAC,KAAK,EAAE,uBAAuB,CAAC,CAAC;AAC1D,MAAM,KAAK,CAAC,IAAI,CAAC,KAAK,CAAC,KAAK,EAAE,wBAAwB,CAAC,CAAC;AACxD,MAAM,GAAG,GAAG,KAAK,CAAC,MAAM,CAAC;AACzB;AACA,MAAM,OAAO,GAAG,OAAO,CAAC,OAAO,CAAC,MAAM,CAAC,CAAC;AACxC;AACA,MAAM,OAAO,CAAC,GAAG,GAAG,EAAE;AACtB,QAAQ,OAAO,GAAG,OAAO,CAAC,IAAI,CAAC,KAAK,CAAC,CAAC,EAAE,CAAC,EAAE,KAAK,CAAC,CAAC,EAAE,CAAC,CAAC,CAAC;AACvD,OAAO;AACP;AACA,MAAM,OAAO,OAAO,CAAC;AACrB,KAAK;AACL;AACA,IAAI,GAAG,GAAG,uBAAuB,CAAC,MAAM,CAAC;AACzC;AACA,IAAI,IAAI,SAAS,GAAG,MAAM,CAAC;AAC3B;AACA,IAAI,CAAC,GAAG,CAAC,CAAC;AACV;AACA,IAAI,OAAO,CAAC,GAAG,GAAG,EAAE;AACpB,MAAM,MAAM,WAAW,GAAG,uBAAuB,CAAC,CAAC,EAAE,CAAC,CAAC;AACvD,MAAM,MAAM,UAAU,GAAG,uBAAuB,CAAC,CAAC,EAAE,CAAC,CAAC;AACtD,MAAM,IAAI;AACV,QAAQ,SAAS,GAAG,WAAW,CAAC,SAAS,CAAC,CAAC;AAC3C,OAAO,CAAC,OAAO,KAAK,EAAE;AACtB,QAAQ,UAAU,CAAC,IAAI,CAAC,IAAI,EAAE,KAAK,CAAC,CAAC;AACrC,QAAQ,MAAM;AACd,OAAO;AACP,KAAK;AACL;AACA,IAAI,IAAI;AACR,MAAM,OAAO,GAAG,eAAe,CAAC,IAAI,CAAC,IAAI,EAAE,SAAS,CAAC,CAAC;AACtD,KAAK,CAAC,OAAO,KAAK,EAAE;AACpB,MAAM,OAAO,OAAO,CAAC,MAAM,CAAC,KAAK,CAAC,CAAC;AACnC,KAAK;AACL;AACA,IAAI,CAAC,GAAG,CAAC,CAAC;AACV,IAAI,GAAG,GAAG,wBAAwB,CAAC,MAAM,CAAC;AAC1C;AACA,IAAI,OAAO,CAAC,GAAG,GAAG,EAAE;AACpB,MAAM,OAAO,GAAG,OAAO,CAAC,IAAI,CAAC,wBAAwB,CAAC,CAAC,EAAE,CAAC,EAAE,wBAAwB,CAAC,CAAC,EAAE,CAAC,CAAC,CAAC;AAC3F,KAAK;AACL;AACA,IAAI,OAAO,OAAO,CAAC;AACnB,GAAG;AACH;AACA,EAAE,MAAM,CAAC,MAAM,EAAE;AACjB,IAAI,MAAM,GAAG,WAAW,CAAC,IAAI,CAAC,QAAQ,EAAE,MAAM,CAAC,CAAC;AAChD,IAAI,MAAM,QAAQ,GAAG,aAAa,CAAC,MAAM,CAAC,OAAO,EAAE,MAAM,CAAC,GAAG,EAAE,MAAM,CAAC,iBAAiB,CAAC,CAAC;AACzF,IAAI,OAAO,QAAQ,CAAC,QAAQ,EAAE,MAAM,CAAC,MAAM,EAAE,MAAM,CAAC,gBAAgB,CAAC,CAAC;AACtE,GAAG;AACH;AACA;AACA;AACA;AACA;AACA,EAAE,sBAAsB,GAAG;AAC3B,IAAI,IAAI,CAAC,aAAa,CAAC,MAAM,EAAE,CAAC;AAChC,GAAG;AACH;AACA;AACA;AACA;AACA,EAAE,uBAAuB,GAAG;AAC5B,IAAI,IAAI,CAAC,aAAa,CAAC,OAAO,EAAE,CAAC;AACjC,GAAG;AACH;AACA;AACA;AACA;AACA;AACA,EAAE,eAAe,GAAG;AACpB,IAAI,OAAO,IAAI,CAAC,aAAa,CAAC,OAAO,EAAE,CAAC;AACxC,GAAG;AACH;AACA;AACA;AACA;AACA,EAAE,iBAAiB,GAAG;AACtB,IAAI,IAAI,CAAC,aAAa,CAAC,SAAS,EAAE,CAAC;AACnC,GAAG;AACH,CAAC;AACD;AACA;AACAT,OAAK,CAAC,OAAO,CAAC,CAAC,QAAQ,EAAE,KAAK,EAAE,MAAM,EAAE,SAAS,CAAC,EAAE,SAAS,mBAAmB,CAAC,MAAM,EAAE;AACzF;AACA,EAAE,KAAK,CAAC,SAAS,CAAC,MAAM,CAAC,GAAG,SAAS,GAAG,EAAE,MAAM,EAAE;AAClD,IAAI,OAAO,IAAI,CAAC,OAAO,CAAC,WAAW,CAAC,MAAM,IAAI,EAAE,EAAE;AAClD,MAAM,MAAM;AACZ,MAAM,GAAG;AACT,MAAM,IAAI,EAAE,CAAC,MAAM,IAAI,EAAE,EAAE,IAAI;AAC/B,KAAK,CAAC,CAAC,CAAC;AACR,GAAG,CAAC;AACJ,CAAC,CAAC,CAAC;AACH;AACAA,OAAK,CAAC,OAAO,CAAC,CAAC,MAAM,EAAE,KAAK,EAAE,OAAO,CAAC,EAAE,SAAS,qBAAqB,CAAC,MAAM,EAAE;AAC/E;AACA;AACA,EAAE,SAAS,kBAAkB,CAAC,MAAM,EAAE;AACtC,IAAI,OAAO,SAAS,UAAU,CAAC,GAAG,EAAE,IAAI,EAAE,MAAM,EAAE;AAClD,MAAM,OAAO,IAAI,CAAC,OAAO,CAAC,WAAW,CAAC,MAAM,IAAI,EAAE,EAAE;AACpD,QAAQ,MAAM;AACd,QAAQ,OAAO,EAAE,MAAM,GAAG;AAC1B,UAAU,cAAc,EAAE,qBAAqB;AAC/C,SAAS,GAAG,EAAE;AACd,QAAQ,GAAG;AACX,QAAQ,IAAI;AACZ,OAAO,CAAC,CAAC,CAAC;AACV,KAAK,CAAC;AACN,GAAG;AACH;AACA,EAAE,KAAK,CAAC,SAAS,CAAC,MAAM,CAAC,GAAG,kBAAkB,EAAE,CAAC;AACjD;AACA,EAAE,KAAK,CAAC,SAAS,CAAC,MAAM,GAAG,MAAM,CAAC,GAAG,kBAAkB,CAAC,IAAI,CAAC,CAAC;AAC9D,CAAC,CAAC,CAAC;AACH;AACA,gBAAe,KAAK;;AC3SpB;AACA;AACA;AACA;AACA;AACA;AACA;AACA,MAAM,WAAW,CAAC;AAClB,EAAE,WAAW,CAAC,QAAQ,EAAE;AACxB,IAAI,IAAI,OAAO,QAAQ,KAAK,UAAU,EAAE;AACxC,MAAM,MAAM,IAAI,SAAS,CAAC,8BAA8B,CAAC,CAAC;AAC1D,KAAK;AACL;AACA,IAAI,IAAI,cAAc,CAAC;AACvB;AACA,IAAI,IAAI,CAAC,OAAO,GAAG,IAAI,OAAO,CAAC,SAAS,eAAe,CAAC,OAAO,EAAE;AACjE,MAAM,cAAc,GAAG,OAAO,CAAC;AAC/B,KAAK,CAAC,CAAC;AACP;AACA,IAAI,MAAM,KAAK,GAAG,IAAI,CAAC;AACvB;AACA;AACA,IAAI,IAAI,CAAC,OAAO,CAAC,IAAI,CAAC,MAAM,IAAI;AAChC,MAAM,IAAI,CAAC,KAAK,CAAC,UAAU,EAAE,OAAO;AACpC;AACA,MAAM,IAAI,CAAC,GAAG,KAAK,CAAC,UAAU,CAAC,MAAM,CAAC;AACtC;AACA,MAAM,OAAO,CAAC,EAAE,GAAG,CAAC,EAAE;AACtB,QAAQ,KAAK,CAAC,UAAU,CAAC,CAAC,CAAC,CAAC,MAAM,CAAC,CAAC;AACpC,OAAO;AACP,MAAM,KAAK,CAAC,UAAU,GAAG,IAAI,CAAC;AAC9B,KAAK,CAAC,CAAC;AACP;AACA;AACA,IAAI,IAAI,CAAC,OAAO,CAAC,IAAI,GAAG,WAAW,IAAI;AACvC,MAAM,IAAI,QAAQ,CAAC;AACnB;AACA,MAAM,MAAM,OAAO,GAAG,IAAI,OAAO,CAAC,OAAO,IAAI;AAC7C,QAAQ,KAAK,CAAC,SAAS,CAAC,OAAO,CAAC,CAAC;AACjC,QAAQ,QAAQ,GAAG,OAAO,CAAC;AAC3B,OAAO,CAAC,CAAC,IAAI,CAAC,WAAW,CAAC,CAAC;AAC3B;AACA,MAAM,OAAO,CAAC,MAAM,GAAG,SAAS,MAAM,GAAG;AACzC,QAAQ,KAAK,CAAC,WAAW,CAAC,QAAQ,CAAC,CAAC;AACpC,OAAO,CAAC;AACR;AACA,MAAM,OAAO,OAAO,CAAC;AACrB,KAAK,CAAC;AACN;AACA,IAAI,QAAQ,CAAC,SAAS,MAAM,CAAC,OAAO,EAAE,MAAM,EAAE,OAAO,EAAE;AACvD,MAAM,IAAI,KAAK,CAAC,MAAM,EAAE;AACxB;AACA,QAAQ,OAAO;AACf,OAAO;AACP;AACA,MAAM,KAAK,CAAC,MAAM,GAAG,IAAI,aAAa,CAAC,OAAO,EAAE,MAAM,EAAE,OAAO,CAAC,CAAC;AACjE,MAAM,cAAc,CAAC,KAAK,CAAC,MAAM,CAAC,CAAC;AACnC,KAAK,CAAC,CAAC;AACP,GAAG;AACH;AACA;AACA;AACA;AACA,EAAE,gBAAgB,GAAG;AACrB,IAAI,IAAI,IAAI,CAAC,MAAM,EAAE;AACrB,MAAM,MAAM,IAAI,CAAC,MAAM,CAAC;AACxB,KAAK;AACL,GAAG;AACH;AACA;AACA;AACA;AACA;AACA,EAAE,SAAS,CAAC,QAAQ,EAAE;AACtB,IAAI,IAAI,IAAI,CAAC,MAAM,EAAE;AACrB,MAAM,QAAQ,CAAC,IAAI,CAAC,MAAM,CAAC,CAAC;AAC5B,MAAM,OAAO;AACb,KAAK;AACL;AACA,IAAI,IAAI,IAAI,CAAC,UAAU,EAAE;AACzB,MAAM,IAAI,CAAC,UAAU,CAAC,IAAI,CAAC,QAAQ,CAAC,CAAC;AACrC,KAAK,MAAM;AACX,MAAM,IAAI,CAAC,UAAU,GAAG,CAAC,QAAQ,CAAC,CAAC;AACnC,KAAK;AACL,GAAG;AACH;AACA;AACA;AACA;AACA;AACA,EAAE,WAAW,CAAC,QAAQ,EAAE;AACxB,IAAI,IAAI,CAAC,IAAI,CAAC,UAAU,EAAE;AAC1B,MAAM,OAAO;AACb,KAAK;AACL,IAAI,MAAM,KAAK,GAAG,IAAI,CAAC,UAAU,CAAC,OAAO,CAAC,QAAQ,CAAC,CAAC;AACpD,IAAI,IAAI,KAAK,KAAK,CAAC,CAAC,EAAE;AACtB,MAAM,IAAI,CAAC,UAAU,CAAC,MAAM,CAAC,KAAK,EAAE,CAAC,CAAC,CAAC;AACvC,KAAK;AACL,GAAG;AACH;AACA,EAAE,aAAa,GAAG;AAClB,IAAI,MAAM,UAAU,GAAG,IAAI,eAAe,EAAE,CAAC;AAC7C;AACA,IAAI,MAAM,KAAK,GAAG,CAAC,GAAG,KAAK;AAC3B,MAAM,UAAU,CAAC,KAAK,CAAC,GAAG,CAAC,CAAC;AAC5B,KAAK,CAAC;AACN;AACA,IAAI,IAAI,CAAC,SAAS,CAAC,KAAK,CAAC,CAAC;AAC1B;AACA,IAAI,UAAU,CAAC,MAAM,CAAC,WAAW,GAAG,MAAM,IAAI,CAAC,WAAW,CAAC,KAAK,CAAC,CAAC;AAClE;AACA,IAAI,OAAO,UAAU,CAAC,MAAM,CAAC;AAC7B,GAAG;AACH;AACA;AACA;AACA;AACA;AACA,EAAE,OAAO,MAAM,GAAG;AAClB,IAAI,IAAI,MAAM,CAAC;AACf,IAAI,MAAM,KAAK,GAAG,IAAI,WAAW,CAAC,SAAS,QAAQ,CAAC,CAAC,EAAE;AACvD,MAAM,MAAM,GAAG,CAAC,CAAC;AACjB,KAAK,CAAC,CAAC;AACP,IAAI,OAAO;AACX,MAAM,KAAK;AACX,MAAM,MAAM;AACZ,KAAK,CAAC;AACN,GAAG;AACH,CAAC;AACD;AACA,sBAAe,WAAW;;ACpI1B;AACA;AACA;AACA;AACA;AACA;AACA;AACA;AACA;AACA;AACA;AACA;AACA;AACA;AACA;AACA;AACA;AACA;AACA;AACA;AACA;AACe,SAAS,MAAM,CAAC,QAAQ,EAAE;AACzC,EAAE,OAAO,SAAS,IAAI,CAAC,GAAG,EAAE;AAC5B,IAAI,OAAO,QAAQ,CAAC,KAAK,CAAC,IAAI,EAAE,GAAG,CAAC,CAAC;AACrC,GAAG,CAAC;AACJ;;ACvBA;AACA;AACA;AACA;AACA;AACA;AACA;AACe,SAAS,YAAY,CAAC,OAAO,EAAE;AAC9C,EAAE,OAAOA,OAAK,CAAC,QAAQ,CAAC,OAAO,CAAC,KAAK,OAAO,CAAC,YAAY,KAAK,IAAI,CAAC,CAAC;AACpE;;ACbA,MAAM,cAAc,GAAG;AACvB,EAAE,QAAQ,EAAE,GAAG;AACf,EAAE,kBAAkB,EAAE,GAAG;AACzB,EAAE,UAAU,EAAE,GAAG;AACjB,EAAE,UAAU,EAAE,GAAG;AACjB,EAAE,EAAE,EAAE,GAAG;AACT,EAAE,OAAO,EAAE,GAAG;AACd,EAAE,QAAQ,EAAE,GAAG;AACf,EAAE,2BAA2B,EAAE,GAAG;AAClC,EAAE,SAAS,EAAE,GAAG;AAChB,EAAE,YAAY,EAAE,GAAG;AACnB,EAAE,cAAc,EAAE,GAAG;AACrB,EAAE,WAAW,EAAE,GAAG;AAClB,EAAE,eAAe,EAAE,GAAG;AACtB,EAAE,MAAM,EAAE,GAAG;AACb,EAAE,eAAe,EAAE,GAAG;AACtB,EAAE,gBAAgB,EAAE,GAAG;AACvB,EAAE,KAAK,EAAE,GAAG;AACZ,EAAE,QAAQ,EAAE,GAAG;AACf,EAAE,WAAW,EAAE,GAAG;AAClB,EAAE,QAAQ,EAAE,GAAG;AACf,EAAE,MAAM,EAAE,GAAG;AACb,EAAE,iBAAiB,EAAE,GAAG;AACxB,EAAE,iBAAiB,EAAE,GAAG;AACxB,EAAE,UAAU,EAAE,GAAG;AACjB,EAAE,YAAY,EAAE,GAAG;AACnB,EAAE,eAAe,EAAE,GAAG;AACtB,EAAE,SAAS,EAAE,GAAG;AAChB,EAAE,QAAQ,EAAE,GAAG;AACf,EAAE,gBAAgB,EAAE,GAAG;AACvB,EAAE,aAAa,EAAE,GAAG;AACpB,EAAE,2BAA2B,EAAE,GAAG;AAClC,EAAE,cAAc,EAAE,GAAG;AACrB,EAAE,QAAQ,EAAE,GAAG;AACf,EAAE,IAAI,EAAE,GAAG;AACX,EAAE,cAAc,EAAE,GAAG;AACrB,EAAE,kBAAkB,EAAE,GAAG;AACzB,EAAE,eAAe,EAAE,GAAG;AACtB,EAAE,UAAU,EAAE,GAAG;AACjB,EAAE,oBAAoB,EAAE,GAAG;AAC3B,EAAE,mBAAmB,EAAE,GAAG;AAC1B,EAAE,iBAAiB,EAAE,GAAG;AACxB,EAAE,SAAS,EAAE,GAAG;AAChB,EAAE,kBAAkB,EAAE,GAAG;AACzB,EAAE,mBAAmB,EAAE,GAAG;AAC1B,EAAE,MAAM,EAAE,GAAG;AACb,EAAE,gBAAgB,EAAE,GAAG;AACvB,EAAE,QAAQ,EAAE,GAAG;AACf,EAAE,eAAe,EAAE,GAAG;AACtB,EAAE,oBAAoB,EAAE,GAAG;AAC3B,EAAE,eAAe,EAAE,GAAG;AACtB,EAAE,2BAA2B,EAAE,GAAG;AAClC,EAAE,0BAA0B,EAAE,GAAG;AACjC,EAAE,mBAAmB,EAAE,GAAG;AAC1B,EAAE,cAAc,EAAE,GAAG;AACrB,EAAE,UAAU,EAAE,GAAG;AACjB,EAAE,kBAAkB,EAAE,GAAG;AACzB,EAAE,cAAc,EAAE,GAAG;AACrB,EAAE,uBAAuB,EAAE,GAAG;AAC9B,EAAE,qBAAqB,EAAE,GAAG;AAC5B,EAAE,mBAAmB,EAAE,GAAG;AAC1B,EAAE,YAAY,EAAE,GAAG;AACnB,EAAE,WAAW,EAAE,GAAG;AAClB,EAAE,6BAA6B,EAAE,GAAG;AACpC,CAAC,CAAC;AACF;AACA,MAAM,CAAC,OAAO,CAAC,cAAc,CAAC,CAAC,OAAO,CAAC,CAAC,CAAC,GAAG,EAAE,KAAK,CAAC,KAAK;AACzD,EAAE,cAAc,CAAC,KAAK,CAAC,GAAG,GAAG,CAAC;AAC9B,CAAC,CAAC,CAAC;AACH;AACA,yBAAe,cAAc;;AClD7B;AACA;AACA;AACA;AACA;AACA;AACA;AACA,SAAS,cAAc,CAAC,aAAa,EAAE;AACvC,EAAE,MAAM,OAAO,GAAG,IAAI4B,OAAK,CAAC,aAAa,CAAC,CAAC;AAC3C,EAAE,MAAM,QAAQ,GAAG,IAAI,CAACA,OAAK,CAAC,SAAS,CAAC,OAAO,EAAE,OAAO,CAAC,CAAC;AAC1D;AACA;AACA,EAAE5B,OAAK,CAAC,MAAM,CAAC,QAAQ,EAAE4B,OAAK,CAAC,SAAS,EAAE,OAAO,EAAE,CAAC,UAAU,EAAE,IAAI,CAAC,CAAC,CAAC;AACvE;AACA;AACA,EAAE5B,OAAK,CAAC,MAAM,CAAC,QAAQ,EAAE,OAAO,EAAE,IAAI,EAAE,CAAC,UAAU,EAAE,IAAI,CAAC,CAAC,CAAC;AAC5D;AACA;AACA,EAAE,QAAQ,CAAC,MAAM,GAAG,SAAS,MAAM,CAAC,cAAc,EAAE;AACpD,IAAI,OAAO,cAAc,CAAC,WAAW,CAAC,aAAa,EAAE,cAAc,CAAC,CAAC,CAAC;AACtE,GAAG,CAAC;AACJ;AACA,EAAE,OAAO,QAAQ,CAAC;AAClB,CAAC;AACD;AACA;AACK,MAAC,KAAK,GAAG,cAAc,CAACQ,UAAQ,EAAE;AACvC;AACA;AACA,KAAK,CAAC,KAAK,GAAGoB,OAAK,CAAC;AACpB;AACA;AACA,KAAK,CAAC,aAAa,GAAG,aAAa,CAAC;AACpC,KAAK,CAAC,WAAW,GAAGC,aAAW,CAAC;AAChC,KAAK,CAAC,QAAQ,GAAG,QAAQ,CAAC;AAC1B,KAAK,CAAC,OAAO,GAAG,OAAO,CAAC;AACxB,KAAK,CAAC,UAAU,GAAG,UAAU,CAAC;AAC9B;AACA;AACA,KAAK,CAAC,UAAU,GAAG,UAAU,CAAC;AAC9B;AACA;AACA,KAAK,CAAC,MAAM,GAAG,KAAK,CAAC,aAAa,CAAC;AACnC;AACA;AACA,KAAK,CAAC,GAAG,GAAG,SAAS,GAAG,CAAC,QAAQ,EAAE;AACnC,EAAE,OAAO,OAAO,CAAC,GAAG,CAAC,QAAQ,CAAC,CAAC;AAC/B,CAAC,CAAC;AACF;AACA,KAAK,CAAC,MAAM,GAAG,MAAM,CAAC;AACtB;AACA;AACA,KAAK,CAAC,YAAY,GAAG,YAAY,CAAC;AAClC;AACA;AACA,KAAK,CAAC,WAAW,GAAG,WAAW,CAAC;AAChC;AACA,KAAK,CAAC,YAAY,GAAGpB,cAAY,CAAC;AAClC;AACA,KAAK,CAAC,UAAU,GAAG,KAAK,IAAI,cAAc,CAACT,OAAK,CAAC,UAAU,CAAC,KAAK,CAAC,GAAG,IAAI,QAAQ,CAAC,KAAK,CAAC,GAAG,KAAK,CAAC,CAAC;AAClG;AACA,KAAK,CAAC,UAAU,GAAG,QAAQ,CAAC,UAAU,CAAC;AACvC;AACA,KAAK,CAAC,cAAc,GAAG8B,gBAAc,CAAC;AACtC;AACA,KAAK,CAAC,OAAO,GAAG,KAAK;;;;"},"_coverageSchema":"1a1c01bbd47fc00a2c39e90264f33305004495a9","hash":"275f7dbe3aa9225948257a577e8a0547aa5ee12a","contentHash":"8540754c8d378ae12feba44b11b9639b8b620055654de46951b174bcc78e1ed2"}}